Arguments: 
  C:\Program Files\nodejs\node.exe C:\Users\funny\AppData\Roaming\npm\node_modules\yarn\bin\yarn.js add transformer-sass

PATH: 
  C:\Users\funny\bin;C:\Program Files\Git\mingw64\bin;C:\Program Files\Git\usr\local\bin;C:\Program Files\Git\usr\bin;C:\Program Files\Git\usr\bin;C:\Program Files\Git\mingw64\bin;C:\Program Files\Git\usr\bin;C:\Users\funny\bin;C:\Windows\system32;C:\Windows;C:\Windows\System32\Wbem;C:\Windows\System32\WindowsPowerShell\v1.0;C:\Windows\System32\OpenSSH;C:\Program Files\nodejs;C:\Program Files\Git\cmd;C:\Program Files\Git\mingw64\bin;C:\Program Files\Git\usr\bin;C:\Users\funny\AppData\Local\Microsoft\WindowsApps;C:\Users\funny\AppData\Local\Programs\Microsoft VS Code\bin;C:\Users\funny\AppData\Roaming\npm;C:\Program Files\Git\usr\bin\vendor_perl;C:\Program Files\Git\usr\bin\core_perl

Yarn version: 
  1.22.19

Node version: 
  18.12.1

Platform: 
  win32 x64

Trace: 
  Error: https://registry.yarnpkg.com/transformer-sass: Not found
      at params.callback [as _callback] (C:\Users\funny\AppData\Roaming\npm\node_modules\yarn\lib\cli.js:66145:18)
      at self.callback (C:\Users\funny\AppData\Roaming\npm\node_modules\yarn\lib\cli.js:140890:22)
      at Request.emit (node:events:513:28)
      at Request.<anonymous> (C:\Users\funny\AppData\Roaming\npm\node_modules\yarn\lib\cli.js:141862:10)
      at Request.emit (node:events:513:28)
      at IncomingMessage.<anonymous> (C:\Users\funny\AppData\Roaming\npm\node_modules\yarn\lib\cli.js:141784:12)
      at Object.onceWrapper (node:events:627:28)
      at IncomingMessage.emit (node:events:525:35)
      at endReadableNT (node:internal/streams/readable:1359:12)
      at process.processTicksAndRejections (node:internal/process/task_queues:82:21)

npm manifest: 
  {
    "name": "Magazine",
    "version": "1.0.0",
    "description": "Online Magazine",
    "main": "index.js",
    "source": "src/js/app.js",
    "repository": "https://github.com/Oybekkarimov/Online-Magazine.git",
    "author": "Oybel",
    "license": "MIT",
    "private": null,
    "scripts": {
      "dev": "parcel ./src/html/*.html --open",
      "build": "parcel build ./src/html/*.html"
    },
    "dependencies": {
      "axios": "^1.2.1",
      "buffer": "^6.0.3",
      "node-modules": "^1.0.1",
      "parcel": "^2.8.0",
      "yarn": "^1.22.19"
    }
  }

yarn manifest: 
  No manifest

Lockfile: 
  # THIS IS AN AUTOGENERATED FILE. DO NOT EDIT THIS FILE DIRECTLY.
  # yarn lockfile v1
  
  
  "@babel/code-frame@^7.0.0":
    version "7.18.6"
    resolved "https://registry.npmjs.org/@babel/code-frame/-/code-frame-7.18.6.tgz"
    integrity sha512-TDCmlK5eOvH+eH7cdAFlNXeVJqWIQ7gW9tY1GJIpUtFb6CmjVyq2VM3u71bOyR8CRihcCgMUYoDNyLXao3+70Q==
    dependencies:
      "@babel/highlight" "^7.18.6"
  
  "@babel/helper-validator-identifier@^7.18.6":
    version "7.19.1"
    resolved "https://registry.npmjs.org/@babel/helper-validator-identifier/-/helper-validator-identifier-7.19.1.tgz"
    integrity sha512-awrNfaMtnHUr653GgGEs++LlAvW6w+DcPrOliSMXWCKo597CwL5Acf/wWdNkf/tfEQE3mjkeD1YOVZOUV/od1w==
  
  "@babel/highlight@^7.18.6":
    version "7.18.6"
    resolved "https://registry.npmjs.org/@babel/highlight/-/highlight-7.18.6.tgz"
    integrity sha512-u7stbOuYjaPezCuLj29hNW1v64M2Md2qupEKP1fHc7WdOA3DgLh37suiSrZYY7haUB7iBeQZ9P1uiRF359do3g==
    dependencies:
      "@babel/helper-validator-identifier" "^7.18.6"
      chalk "^2.0.0"
      js-tokens "^4.0.0"
  
  "@jridgewell/gen-mapping@^0.3.0":
    version "0.3.2"
    resolved "https://registry.npmjs.org/@jridgewell/gen-mapping/-/gen-mapping-0.3.2.tgz"
    integrity sha512-mh65xKQAzI6iBcFzwv28KVWSmCkdRBWoOh+bYQGW3+6OZvbbN3TqMGo5hqYxQniRcH9F2VZIoJCm4pa3BPDK/A==
    dependencies:
      "@jridgewell/set-array" "^1.0.1"
      "@jridgewell/sourcemap-codec" "^1.4.10"
      "@jridgewell/trace-mapping" "^0.3.9"
  
  "@jridgewell/resolve-uri@3.1.0":
    version "3.1.0"
    resolved "https://registry.npmjs.org/@jridgewell/resolve-uri/-/resolve-uri-3.1.0.tgz"
    integrity sha512-F2msla3tad+Mfht5cJq7LSXcdudKTWCVYUgw6pLFOOHSTtZlj6SWNYAp+AhuqLmWdBO2X5hPrLcu8cVP8fy28w==
  
  "@jridgewell/set-array@^1.0.1":
    version "1.1.2"
    resolved "https://registry.npmjs.org/@jridgewell/set-array/-/set-array-1.1.2.tgz"
    integrity sha512-xnkseuNADM0gt2bs+BvhO0p78Mk762YnZdsuzFV018NoG1Sj1SCQvpSqa7XUaTam5vAGasABV9qXASMKnFMwMw==
  
  "@jridgewell/source-map@^0.3.2":
    version "0.3.2"
    resolved "https://registry.npmjs.org/@jridgewell/source-map/-/source-map-0.3.2.tgz"
    integrity sha512-m7O9o2uR8k2ObDysZYzdfhb08VuEml5oWGiosa1VdaPZ/A6QyPkAJuwN0Q1lhULOf6B7MtQmHENS743hWtCrgw==
    dependencies:
      "@jridgewell/gen-mapping" "^0.3.0"
      "@jridgewell/trace-mapping" "^0.3.9"
  
  "@jridgewell/sourcemap-codec@1.4.14", "@jridgewell/sourcemap-codec@^1.4.10":
    version "1.4.14"
    resolved "https://registry.npmjs.org/@jridgewell/sourcemap-codec/-/sourcemap-codec-1.4.14.tgz"
    integrity sha512-XPSJHWmi394fuUuzDnGz1wiKqWfo1yXecHQMRf2l6hztTO+nPru658AyDngaBe7isIxEkRsPR3FZh+s7iVa4Uw==
  
  "@jridgewell/trace-mapping@^0.3.9":
    version "0.3.17"
    resolved "https://registry.npmjs.org/@jridgewell/trace-mapping/-/trace-mapping-0.3.17.tgz"
    integrity sha512-MCNzAp77qzKca9+W/+I0+sEpaUnZoeasnghNeVc41VZCEKaCH73Vq3BZZ/SzWIgrqE4H4ceI+p+b6C0mHf9T4g==
    dependencies:
      "@jridgewell/resolve-uri" "3.1.0"
      "@jridgewell/sourcemap-codec" "1.4.14"
  
  "@lezer/common@^0.15.0", "@lezer/common@^0.15.7":
    version "0.15.12"
    resolved "https://registry.npmjs.org/@lezer/common/-/common-0.15.12.tgz"
    integrity sha512-edfwCxNLnzq5pBA/yaIhwJ3U3Kz8VAUOTRg0hhxaizaI1N+qxV7EXDv/kLCkLeq2RzSFvxexlaj5Mzfn2kY0Ig==
  
  "@lezer/lr@^0.15.4":
    version "0.15.8"
    resolved "https://registry.npmjs.org/@lezer/lr/-/lr-0.15.8.tgz"
    integrity sha512-bM6oE6VQZ6hIFxDNKk8bKPa14hqFrV07J/vHGOeiAbJReIaQXmkVb6xQu4MR+JBTLa5arGRyAAjJe1qaQt3Uvg==
    dependencies:
      "@lezer/common" "^0.15.0"
  
  "@lmdb/lmdb-darwin-arm64@2.5.2":
    version "2.5.2"
    resolved "https://registry.yarnpkg.com/@lmdb/lmdb-darwin-arm64/-/lmdb-darwin-arm64-2.5.2.tgz#bc66fa43286b5c082e8fee0eacc17995806b6fbe"
    integrity sha512-+F8ioQIUN68B4UFiIBYu0QQvgb9FmlKw2ctQMSBfW2QBrZIxz9vD9jCGqTCPqZBRbPHAS/vG1zSXnKqnS2ch/A==
  
  "@lmdb/lmdb-darwin-x64@2.5.2":
    version "2.5.2"
    resolved "https://registry.yarnpkg.com/@lmdb/lmdb-darwin-x64/-/lmdb-darwin-x64-2.5.2.tgz#89d8390041bce6bab24a82a20392be22faf54ffc"
    integrity sha512-KvPH56KRLLx4KSfKBx0m1r7GGGUMXm0jrKmNE7plbHlesZMuPJICtn07HYgQhj1LNsK7Yqwuvnqh1QxhJnF1EA==
  
  "@lmdb/lmdb-linux-arm64@2.5.2":
    version "2.5.2"
    resolved "https://registry.yarnpkg.com/@lmdb/lmdb-linux-arm64/-/lmdb-linux-arm64-2.5.2.tgz#14fe4c96c2bb1285f93797f45915fa35ee047268"
    integrity sha512-aLl89VHL/wjhievEOlPocoefUyWdvzVrcQ/MHQYZm2JfV1jUsrbr/ZfkPPUFvZBf+VSE+Q0clWs9l29PCX1hTQ==
  
  "@lmdb/lmdb-linux-arm@2.5.2":
    version "2.5.2"
    resolved "https://registry.yarnpkg.com/@lmdb/lmdb-linux-arm/-/lmdb-linux-arm-2.5.2.tgz#05bde4573ab10cf21827339fe687148f2590cfa1"
    integrity sha512-5kQAP21hAkfW5Bl+e0P57dV4dGYnkNIpR7f/GAh6QHlgXx+vp/teVj4PGRZaKAvt0GX6++N6hF8NnGElLDuIDw==
  
  "@lmdb/lmdb-linux-x64@2.5.2":
    version "2.5.2"
    resolved "https://registry.yarnpkg.com/@lmdb/lmdb-linux-x64/-/lmdb-linux-x64-2.5.2.tgz#d2f85afd857d2c33d2caa5b057944574edafcfee"
    integrity sha512-xUdUfwDJLGjOUPH3BuPBt0NlIrR7f/QHKgu3GZIXswMMIihAekj2i97oI0iWG5Bok/b+OBjHPfa8IU9velnP/Q==
  
  "@lmdb/lmdb-win32-x64@2.5.2":
    version "2.5.2"
    resolved "https://registry.npmjs.org/@lmdb/lmdb-win32-x64/-/lmdb-win32-x64-2.5.2.tgz"
    integrity sha512-zrBczSbXKxEyK2ijtbRdICDygRqWSRPpZMN5dD1T8VMEW5RIhIbwFWw2phDRXuBQdVDpSjalCIUMWMV2h3JaZA==
  
  "@mischnic/json-sourcemap@^0.1.0":
    version "0.1.0"
    resolved "https://registry.npmjs.org/@mischnic/json-sourcemap/-/json-sourcemap-0.1.0.tgz"
    integrity sha512-dQb3QnfNqmQNYA4nFSN/uLaByIic58gOXq4Y4XqLOWmOrw73KmJPt/HLyG0wvn1bnR6mBKs/Uwvkh+Hns1T0XA==
    dependencies:
      "@lezer/common" "^0.15.7"
      "@lezer/lr" "^0.15.4"
      json5 "^2.2.1"
  
  "@msgpackr-extract/msgpackr-extract-darwin-arm64@2.2.0":
    version "2.2.0"
    resolved "https://registry.yarnpkg.com/@msgpackr-extract/msgpackr-extract-darwin-arm64/-/msgpackr-extract-darwin-arm64-2.2.0.tgz#901c5937e1441572ea23e631fe6deca68482fe76"
    integrity sha512-Z9LFPzfoJi4mflGWV+rv7o7ZbMU5oAU9VmzCgL240KnqDW65Y2HFCT3MW06/ITJSnbVLacmcEJA8phywK7JinQ==
  
  "@msgpackr-extract/msgpackr-extract-darwin-x64@2.2.0":
    version "2.2.0"
    resolved "https://registry.yarnpkg.com/@msgpackr-extract/msgpackr-extract-darwin-x64/-/msgpackr-extract-darwin-x64-2.2.0.tgz#fb877fe6bae3c4d3cea29786737840e2ae689066"
    integrity sha512-vq0tT8sjZsy4JdSqmadWVw6f66UXqUCabLmUVHZwUFzMgtgoIIQjT4VVRHKvlof3P/dMCkbMJ5hB1oJ9OWHaaw==
  
  "@msgpackr-extract/msgpackr-extract-linux-arm64@2.2.0":
    version "2.2.0"
    resolved "https://registry.yarnpkg.com/@msgpackr-extract/msgpackr-extract-linux-arm64/-/msgpackr-extract-linux-arm64-2.2.0.tgz#986179c38b10ac41fbdaf7d036c825cbc72855d9"
    integrity sha512-hlxxLdRmPyq16QCutUtP8Tm6RDWcyaLsRssaHROatgnkOxdleMTgetf9JsdncL8vLh7FVy/RN9i3XR5dnb9cRA==
  
  "@msgpackr-extract/msgpackr-extract-linux-arm@2.2.0":
    version "2.2.0"
    resolved "https://registry.yarnpkg.com/@msgpackr-extract/msgpackr-extract-linux-arm/-/msgpackr-extract-linux-arm-2.2.0.tgz#15f2c6fe9e0adc06c21af7e95f484ff4880d79ce"
    integrity sha512-SaJ3Qq4lX9Syd2xEo9u3qPxi/OB+5JO/ngJKK97XDpa1C587H9EWYO6KD8995DAjSinWvdHKRrCOXVUC5fvGOg==
  
  "@msgpackr-extract/msgpackr-extract-linux-x64@2.2.0":
    version "2.2.0"
    resolved "https://registry.yarnpkg.com/@msgpackr-extract/msgpackr-extract-linux-x64/-/msgpackr-extract-linux-x64-2.2.0.tgz#30cae5c9a202f3e1fa1deb3191b18ffcb2f239a2"
    integrity sha512-94y5PJrSOqUNcFKmOl7z319FelCLAE0rz/jPCWS+UtdMZvpa4jrQd+cJPQCLp2Fes1yAW/YUQj/Di6YVT3c3Iw==
  
  "@msgpackr-extract/msgpackr-extract-win32-x64@2.2.0":
    version "2.2.0"
    resolved "https://registry.npmjs.org/@msgpackr-extract/msgpackr-extract-win32-x64/-/msgpackr-extract-win32-x64-2.2.0.tgz"
    integrity sha512-XrC0JzsqQSvOyM3t04FMLO6z5gCuhPE6k4FXuLK5xf52ZbdvcFe1yBmo7meCew9B8G2f0T9iu9t3kfTYRYROgA==
  
  "@parcel/bundler-default@2.8.0":
    version "2.8.0"
    resolved "https://registry.npmjs.org/@parcel/bundler-default/-/bundler-default-2.8.0.tgz"
    integrity sha512-OvDDhxX4LwfGe7lYVMbJMzqNcDk8ydOqNw0Hra9WPgl0m5gju/eVIbDvot3JXp5F96FmV36uCxdODJhKTNoAzQ==
    dependencies:
      "@parcel/diagnostic" "2.8.0"
      "@parcel/graph" "2.8.0"
      "@parcel/hash" "2.8.0"
      "@parcel/plugin" "2.8.0"
      "@parcel/utils" "2.8.0"
      nullthrows "^1.1.1"
  
  "@parcel/cache@2.8.0":
    version "2.8.0"
    resolved "https://registry.npmjs.org/@parcel/cache/-/cache-2.8.0.tgz"
    integrity sha512-k945hrafMDR2wyCKyZYgwypeLLuZWce6FzhgunI4taBUeVnNCcpFAWzbfOVQ39SqZTGDqG3MNT+VuehssHXxyg==
    dependencies:
      "@parcel/fs" "2.8.0"
      "@parcel/logger" "2.8.0"
      "@parcel/utils" "2.8.0"
      lmdb "2.5.2"
  
  "@parcel/codeframe@2.8.0":
    version "2.8.0"
    resolved "https://registry.npmjs.org/@parcel/codeframe/-/codeframe-2.8.0.tgz"
    integrity sha512-821d+KVcpEvJNMj9WMC39xXZK6zvRS/HUjQag2f3DkcRcZwk1uXJZdW6p1EB7C3e4e/0KSK3NTSVGEvbOSR+9w==
    dependencies:
      chalk "^4.1.0"
  
  "@parcel/compressor-raw@2.8.0":
    version "2.8.0"
    resolved "https://registry.npmjs.org/@parcel/compressor-raw/-/compressor-raw-2.8.0.tgz"
    integrity sha512-tM49t0gDQnwJbrDCeoCn9LRc8inZ/TSPQTttJTfcmFHHFqEllI0ZDVG0AiQw5NOMQbBLYiKun1adXn8pkcPLEA==
    dependencies:
      "@parcel/plugin" "2.8.0"
  
  "@parcel/config-default@2.8.0":
    version "2.8.0"
    resolved "https://registry.npmjs.org/@parcel/config-default/-/config-default-2.8.0.tgz"
    integrity sha512-j9g50QNSLjuNpY0TP01EgGJPxWNes9d+e8+N07Z5Wv0u+UUnJ2uIOpo7PVn7ullOGhm1f9lP4KsJenu5gWb+cg==
    dependencies:
      "@parcel/bundler-default" "2.8.0"
      "@parcel/compressor-raw" "2.8.0"
      "@parcel/namer-default" "2.8.0"
      "@parcel/optimizer-css" "2.8.0"
      "@parcel/optimizer-htmlnano" "2.8.0"
      "@parcel/optimizer-image" "2.8.0"
      "@parcel/optimizer-svgo" "2.8.0"
      "@parcel/optimizer-terser" "2.8.0"
      "@parcel/packager-css" "2.8.0"
      "@parcel/packager-html" "2.8.0"
      "@parcel/packager-js" "2.8.0"
      "@parcel/packager-raw" "2.8.0"
      "@parcel/packager-svg" "2.8.0"
      "@parcel/reporter-dev-server" "2.8.0"
      "@parcel/resolver-default" "2.8.0"
      "@parcel/runtime-browser-hmr" "2.8.0"
      "@parcel/runtime-js" "2.8.0"
      "@parcel/runtime-react-refresh" "2.8.0"
      "@parcel/runtime-service-worker" "2.8.0"
      "@parcel/transformer-babel" "2.8.0"
      "@parcel/transformer-css" "2.8.0"
      "@parcel/transformer-html" "2.8.0"
      "@parcel/transformer-image" "2.8.0"
      "@parcel/transformer-js" "2.8.0"
      "@parcel/transformer-json" "2.8.0"
      "@parcel/transformer-postcss" "2.8.0"
      "@parcel/transformer-posthtml" "2.8.0"
      "@parcel/transformer-raw" "2.8.0"
      "@parcel/transformer-react-refresh-wrap" "2.8.0"
      "@parcel/transformer-svg" "2.8.0"
  
  "@parcel/core@2.8.0":
    version "2.8.0"
    resolved "https://registry.npmjs.org/@parcel/core/-/core-2.8.0.tgz"
    integrity sha512-udzbe3jjbpfKlRE9pdlROAa+lvAjS1L/AzN6r2j1y/Fsn7ze/NfvnCFw6o2YNIrXg002aQ7M1St/x1fdGfmVKA==
    dependencies:
      "@mischnic/json-sourcemap" "^0.1.0"
      "@parcel/cache" "2.8.0"
      "@parcel/diagnostic" "2.8.0"
      "@parcel/events" "2.8.0"
      "@parcel/fs" "2.8.0"
      "@parcel/graph" "2.8.0"
      "@parcel/hash" "2.8.0"
      "@parcel/logger" "2.8.0"
      "@parcel/package-manager" "2.8.0"
      "@parcel/plugin" "2.8.0"
      "@parcel/source-map" "^2.1.1"
      "@parcel/types" "2.8.0"
      "@parcel/utils" "2.8.0"
      "@parcel/workers" "2.8.0"
      abortcontroller-polyfill "^1.1.9"
      base-x "^3.0.8"
      browserslist "^4.6.6"
      clone "^2.1.1"
      dotenv "^7.0.0"
      dotenv-expand "^5.1.0"
      json5 "^2.2.0"
      msgpackr "^1.5.4"
      nullthrows "^1.1.1"
      semver "^5.7.1"
  
  "@parcel/diagnostic@2.8.0":
    version "2.8.0"
    resolved "https://registry.npmjs.org/@parcel/diagnostic/-/diagnostic-2.8.0.tgz"
    integrity sha512-ERnk0zDvm0jQUSj1M+2PLiwVC6nWrtuFEuye6VGuxRDcp9NHbz6gwApeEYxFkPsb3TQPhNjnXXm5nmAw1bpWWw==
    dependencies:
      "@mischnic/json-sourcemap" "^0.1.0"
      nullthrows "^1.1.1"
  
  "@parcel/events@2.8.0":
    version "2.8.0"
    resolved "https://registry.npmjs.org/@parcel/events/-/events-2.8.0.tgz"
    integrity sha512-xqSZYY3oONM4IZm9+vhyFqX+KFIl145veIczUikwGJlcJZQfAAw736syPx6ecpB+m1EVg3AlvJWy7Lmel4Ak+Q==
  
  "@parcel/fs-search@2.8.0":
    version "2.8.0"
    resolved "https://registry.npmjs.org/@parcel/fs-search/-/fs-search-2.8.0.tgz"
    integrity sha512-yo7/Y8DCFlhOlIBb5SsRDTkM+7g0DY9sK57iw3hn2z1tGoIiIRptrieImFYSizs7HfDwDY/PMLfORmUdoReDzQ==
    dependencies:
      detect-libc "^1.0.3"
  
  "@parcel/fs@2.8.0":
    version "2.8.0"
    resolved "https://registry.npmjs.org/@parcel/fs/-/fs-2.8.0.tgz"
    integrity sha512-v3DbJlpl8v2/VRlZPw7cy+0myi0YfLblGZcwDvqIsWS35qyxD2rmtYV8u1BusonbgmJeaKiopSECmJkumt0jCw==
    dependencies:
      "@parcel/fs-search" "2.8.0"
      "@parcel/types" "2.8.0"
      "@parcel/utils" "2.8.0"
      "@parcel/watcher" "^2.0.7"
      "@parcel/workers" "2.8.0"
  
  "@parcel/graph@2.8.0":
    version "2.8.0"
    resolved "https://registry.npmjs.org/@parcel/graph/-/graph-2.8.0.tgz"
    integrity sha512-JvAyvBpGmhZ30bi+hStQr52eu+InfJBoiN9Z/32byIWhXEl02EAOwfsPqAe+FGCsdgXnnCGg5F9ZCqwzZ9dwbw==
    dependencies:
      "@parcel/utils" "2.8.0"
      nullthrows "^1.1.1"
  
  "@parcel/hash@2.8.0":
    version "2.8.0"
    resolved "https://registry.npmjs.org/@parcel/hash/-/hash-2.8.0.tgz"
    integrity sha512-KV1+96t7Nukth5K7ldUXjVr8ZTH9Dohl49K0Tc+5Qkysif0OxwcDtpVDmcnrUnWmqdBX0AdoLY0Q2Nnly89n/w==
    dependencies:
      detect-libc "^1.0.3"
      xxhash-wasm "^0.4.2"
  
  "@parcel/logger@2.8.0":
    version "2.8.0"
    resolved "https://registry.npmjs.org/@parcel/logger/-/logger-2.8.0.tgz"
    integrity sha512-W+7rKsLxLUX6xRmP8PhGWcG48PqrzTPeMWpgSds5nXxAHEFh4cYbkwPKGoTU65a9xUDVyqNreHNIKyizgwAZHQ==
    dependencies:
      "@parcel/diagnostic" "2.8.0"
      "@parcel/events" "2.8.0"
  
  "@parcel/markdown-ansi@2.8.0":
    version "2.8.0"
    resolved "https://registry.npmjs.org/@parcel/markdown-ansi/-/markdown-ansi-2.8.0.tgz"
    integrity sha512-xItzXmc3btFhJXsIbE946iaqE6STd2xe5H0zSIaZVXEeucCtMzcd4hxRELquxPstlrAOrrp/lrRpbAlMhso9iA==
    dependencies:
      chalk "^4.1.0"
  
  "@parcel/namer-default@2.8.0":
    version "2.8.0"
    resolved "https://registry.npmjs.org/@parcel/namer-default/-/namer-default-2.8.0.tgz"
    integrity sha512-cVCx2kJA/Bv7O9pVad1UOibaybR/B+QdWV8Ols8HH4lC2gyjLBXEIR0uuPSEbkGwMEcofG6zA3MwsoPa6r5lBg==
    dependencies:
      "@parcel/diagnostic" "2.8.0"
      "@parcel/plugin" "2.8.0"
      nullthrows "^1.1.1"
  
  "@parcel/node-resolver-core@2.8.0":
    version "2.8.0"
    resolved "https://registry.npmjs.org/@parcel/node-resolver-core/-/node-resolver-core-2.8.0.tgz"
    integrity sha512-cECSh08NSRt1csmmMeKxlnO6ZhXRTuRijkHKFa4iG5hPL+3Cu04YGhuK/QWlP5vNCPVrH3ISlhzlPU5fAi/nEg==
    dependencies:
      "@parcel/diagnostic" "2.8.0"
      "@parcel/utils" "2.8.0"
      nullthrows "^1.1.1"
      semver "^5.7.1"
  
  "@parcel/optimizer-css@2.8.0":
    version "2.8.0"
    resolved "https://registry.npmjs.org/@parcel/optimizer-css/-/optimizer-css-2.8.0.tgz"
    integrity sha512-T5r3gZVm1xFw6l//iLkzLDUvFzNTUvL5kAtyU5gS5yH/dg7eCS09Km/c2anViQnmXwFUt7zIlBovj1doxAVNSw==
    dependencies:
      "@parcel/diagnostic" "2.8.0"
      "@parcel/plugin" "2.8.0"
      "@parcel/source-map" "^2.1.1"
      "@parcel/utils" "2.8.0"
      browserslist "^4.6.6"
      lightningcss "^1.16.1"
      nullthrows "^1.1.1"
  
  "@parcel/optimizer-htmlnano@2.8.0":
    version "2.8.0"
    resolved "https://registry.npmjs.org/@parcel/optimizer-htmlnano/-/optimizer-htmlnano-2.8.0.tgz"
    integrity sha512-NxEKTRvue/WAU+XbQGfNIU6c7chDekdkwwv9YnCxHEOhnBu4Ok+2tdmCtPuA+4UUNszGxXlaHMnqSrjmqX2S6Q==
    dependencies:
      "@parcel/plugin" "2.8.0"
      htmlnano "^2.0.0"
      nullthrows "^1.1.1"
      posthtml "^0.16.5"
      svgo "^2.4.0"
  
  "@parcel/optimizer-image@2.8.0":
    version "2.8.0"
    resolved "https://registry.npmjs.org/@parcel/optimizer-image/-/optimizer-image-2.8.0.tgz"
    integrity sha512-66eSoCCGZVRiY6U4OqqYrhQcBcHI9cOkIEbxadZYOF4cJhsskjUDJR0jLb4j2PE6QxUNYlyj5OglQqRLwhz7vA==
    dependencies:
      "@parcel/diagnostic" "2.8.0"
      "@parcel/plugin" "2.8.0"
      "@parcel/utils" "2.8.0"
      "@parcel/workers" "2.8.0"
      detect-libc "^1.0.3"
  
  "@parcel/optimizer-svgo@2.8.0":
    version "2.8.0"
    resolved "https://registry.npmjs.org/@parcel/optimizer-svgo/-/optimizer-svgo-2.8.0.tgz"
    integrity sha512-qQzM32CzJJuniFaTZDspVn/Vtz/PJ/f89+FckLpWZJVWNihgwTHC1/F0YTDH8g6czNw5ZijwQ3xBVuJQYyIXsQ==
    dependencies:
      "@parcel/diagnostic" "2.8.0"
      "@parcel/plugin" "2.8.0"
      "@parcel/utils" "2.8.0"
      svgo "^2.4.0"
  
  "@parcel/optimizer-terser@2.8.0":
    version "2.8.0"
    resolved "https://registry.npmjs.org/@parcel/optimizer-terser/-/optimizer-terser-2.8.0.tgz"
    integrity sha512-slS6GWQ3u418WtJmlqlA5Njljcq4OaEdDDR2ifEwltG8POv+hsvD5AAoM2XB0GJwY97TQtdMbBu2DuDF3yM/1Q==
    dependencies:
      "@parcel/diagnostic" "2.8.0"
      "@parcel/plugin" "2.8.0"
      "@parcel/source-map" "^2.1.1"
      "@parcel/utils" "2.8.0"
      nullthrows "^1.1.1"
      terser "^5.2.0"
  
  "@parcel/package-manager@2.8.0":
    version "2.8.0"
    resolved "https://registry.npmjs.org/@parcel/package-manager/-/package-manager-2.8.0.tgz"
    integrity sha512-n4FgerAX1lTKKTgxmiocnos47Y+b0L60iwU6Q4cC2n4KQNRuNyfhxFXwWcqHstR9wa72JgPaDgo4k0l3Bk8FZw==
    dependencies:
      "@parcel/diagnostic" "2.8.0"
      "@parcel/fs" "2.8.0"
      "@parcel/logger" "2.8.0"
      "@parcel/types" "2.8.0"
      "@parcel/utils" "2.8.0"
      "@parcel/workers" "2.8.0"
      semver "^5.7.1"
  
  "@parcel/packager-css@2.8.0":
    version "2.8.0"
    resolved "https://registry.npmjs.org/@parcel/packager-css/-/packager-css-2.8.0.tgz"
    integrity sha512-tv/Bto0P6fXjqQ9uCZ8/6b/+38Zr/N2MC7/Nbflzww/lp0k2+kkE9MVJJDr5kST/SzTBRrhbDo+yTbtdZikJYg==
    dependencies:
      "@parcel/plugin" "2.8.0"
      "@parcel/source-map" "^2.1.1"
      "@parcel/utils" "2.8.0"
      nullthrows "^1.1.1"
  
  "@parcel/packager-html@2.8.0":
    version "2.8.0"
    resolved "https://registry.npmjs.org/@parcel/packager-html/-/packager-html-2.8.0.tgz"
    integrity sha512-4x09v/bt767rxwGTuEw82CjheoOtIKNu4sx1gqwQOz9QowKPniXOIaD+0XmLiARdzRErucf0sL19QHfNcPAhUw==
    dependencies:
      "@parcel/plugin" "2.8.0"
      "@parcel/types" "2.8.0"
      "@parcel/utils" "2.8.0"
      nullthrows "^1.1.1"
      posthtml "^0.16.5"
  
  "@parcel/packager-js@2.8.0":
    version "2.8.0"
    resolved "https://registry.npmjs.org/@parcel/packager-js/-/packager-js-2.8.0.tgz"
    integrity sha512-Tn2EtWM1TEdj4t5pt0QjBDzqrXrfRTL3WsdMipZwDSuX04KS0jedJINHjh46HOMwyfJxLbUg3xkGX7F5mYQj5g==
    dependencies:
      "@parcel/diagnostic" "2.8.0"
      "@parcel/hash" "2.8.0"
      "@parcel/plugin" "2.8.0"
      "@parcel/source-map" "^2.1.1"
      "@parcel/utils" "2.8.0"
      globals "^13.2.0"
      nullthrows "^1.1.1"
  
  "@parcel/packager-raw@2.8.0":
    version "2.8.0"
    resolved "https://registry.npmjs.org/@parcel/packager-raw/-/packager-raw-2.8.0.tgz"
    integrity sha512-s3VniER3X2oNTlfytBGIQF+UZFVNLFWuVu1IkZ8Wg6uYQffrExDlbNDcmFCDcfvcejL3Ch5igP+L6N00f6+wAQ==
    dependencies:
      "@parcel/plugin" "2.8.0"
  
  "@parcel/packager-svg@2.8.0":
    version "2.8.0"
    resolved "https://registry.npmjs.org/@parcel/packager-svg/-/packager-svg-2.8.0.tgz"
    integrity sha512-+BSpdPiNjlAne28nOjG2AyiOejAehe/+X9MxL2FIpPP7UBLNc2ekaM0mDTR5iY45YtZa57oyErBT/U6wZ1TCjw==
    dependencies:
      "@parcel/plugin" "2.8.0"
      "@parcel/types" "2.8.0"
      "@parcel/utils" "2.8.0"
      posthtml "^0.16.4"
  
  "@parcel/plugin@2.8.0":
    version "2.8.0"
    resolved "https://registry.npmjs.org/@parcel/plugin/-/plugin-2.8.0.tgz"
    integrity sha512-Tsf+7nDg7KauvTVY6rGc7CmgJruKSwJ54KJ9s5nYFFP9nfwmyqbayCi9xOxicWU9zIHfuF5Etwf17lcA0oAvzw==
    dependencies:
      "@parcel/types" "2.8.0"
  
  "@parcel/reporter-cli@2.8.0":
    version "2.8.0"
    resolved "https://registry.npmjs.org/@parcel/reporter-cli/-/reporter-cli-2.8.0.tgz"
    integrity sha512-ea4/Lp+2jDbzb/tfTgUKzYU51FK8wcewDoYNr06uL+wvx/vzYIDG0jHfzaOTasREnm7ECDr1Zu2Iknrgk1STqQ==
    dependencies:
      "@parcel/plugin" "2.8.0"
      "@parcel/types" "2.8.0"
      "@parcel/utils" "2.8.0"
      chalk "^4.1.0"
      term-size "^2.2.1"
  
  "@parcel/reporter-dev-server@2.8.0":
    version "2.8.0"
    resolved "https://registry.npmjs.org/@parcel/reporter-dev-server/-/reporter-dev-server-2.8.0.tgz"
    integrity sha512-wg6hUrQ8vUmvlP2fg8YEzYndmq7hWZ21ZgBv4So1Z65I+Qav85Uox7bjGLCSJwEAjdjFKfhV9RGULGzqh8vcAQ==
    dependencies:
      "@parcel/plugin" "2.8.0"
      "@parcel/utils" "2.8.0"
  
  "@parcel/resolver-default@2.8.0":
    version "2.8.0"
    resolved "https://registry.npmjs.org/@parcel/resolver-default/-/resolver-default-2.8.0.tgz"
    integrity sha512-kO5W+O3Ql6NXNFS6lvfSSt1R+PxO1atNLYxZdVSM6+QQxRMiztfqzZs//RM+oUp+af6muDSUPlNs+RORX0fing==
    dependencies:
      "@parcel/node-resolver-core" "2.8.0"
      "@parcel/plugin" "2.8.0"
  
  "@parcel/runtime-browser-hmr@2.8.0":
    version "2.8.0"
    resolved "https://registry.npmjs.org/@parcel/runtime-browser-hmr/-/runtime-browser-hmr-2.8.0.tgz"
    integrity sha512-zV5wGGvm1cDwWAzkwPUaKh6inWYKxq67YWY4G396PXLMxddM9SQC1c7iFM60OPnD4A+BMOLOy7N6//20h15Dlg==
    dependencies:
      "@parcel/plugin" "2.8.0"
      "@parcel/utils" "2.8.0"
  
  "@parcel/runtime-js@2.8.0":
    version "2.8.0"
    resolved "https://registry.npmjs.org/@parcel/runtime-js/-/runtime-js-2.8.0.tgz"
    integrity sha512-IwT1rX8ZamoYZv0clfswZemfXcIfk+YXwNsqXwzzh6TaMGagj/ZZl1llkn7ERQFq4EoLEoDGGkxqsrJjBp9NDQ==
    dependencies:
      "@parcel/plugin" "2.8.0"
      "@parcel/utils" "2.8.0"
      nullthrows "^1.1.1"
  
  "@parcel/runtime-react-refresh@2.8.0":
    version "2.8.0"
    resolved "https://registry.npmjs.org/@parcel/runtime-react-refresh/-/runtime-react-refresh-2.8.0.tgz"
    integrity sha512-a6uuZWkl+mJur2WLZKmpEqq1P06tvRwqGefYbE26DWpwXwU9dLpfnv/nT0hqCmVDHd2TkMyCffolSmq1vY05ew==
    dependencies:
      "@parcel/plugin" "2.8.0"
      "@parcel/utils" "2.8.0"
      react-error-overlay "6.0.9"
      react-refresh "^0.9.0"
  
  "@parcel/runtime-service-worker@2.8.0":
    version "2.8.0"
    resolved "https://registry.npmjs.org/@parcel/runtime-service-worker/-/runtime-service-worker-2.8.0.tgz"
    integrity sha512-Q3Q2O/axQbFi/5Z+BidLB3qhmYdZLTMDagZtsmyH7CktDkZVNV/0UoOGYlqoK06T4cww3XjLSEomXbBu9TlQKQ==
    dependencies:
      "@parcel/plugin" "2.8.0"
      "@parcel/utils" "2.8.0"
      nullthrows "^1.1.1"
  
  "@parcel/source-map@^2.1.1":
    version "2.1.1"
    resolved "https://registry.npmjs.org/@parcel/source-map/-/source-map-2.1.1.tgz"
    integrity sha512-Ejx1P/mj+kMjQb8/y5XxDUn4reGdr+WyKYloBljpppUy8gs42T+BNoEOuRYqDVdgPc6NxduzIDoJS9pOFfV5Ew==
    dependencies:
      detect-libc "^1.0.3"
  
  "@parcel/transformer-babel@2.8.0":
    version "2.8.0"
    resolved "https://registry.npmjs.org/@parcel/transformer-babel/-/transformer-babel-2.8.0.tgz"
    integrity sha512-ie+wFe9pucdnRyX2PTN9amOHrhr/IOwUEAfTz/3dPydOYCuX7ErEngCpI9fBzdYE2AV6/noEwC2Mjeoyz9mT2A==
    dependencies:
      "@parcel/diagnostic" "2.8.0"
      "@parcel/plugin" "2.8.0"
      "@parcel/source-map" "^2.1.1"
      "@parcel/utils" "2.8.0"
      browserslist "^4.6.6"
      json5 "^2.2.0"
      nullthrows "^1.1.1"
      semver "^5.7.0"
  
  "@parcel/transformer-css@2.8.0":
    version "2.8.0"
    resolved "https://registry.npmjs.org/@parcel/transformer-css/-/transformer-css-2.8.0.tgz"
    integrity sha512-jCMQSfsxCoepblBAHCYMuNWNPQlqasoD6PfNftMdTlv12aUcnjNIYO9600TVLTL799CrEohljbXcfFn6hDGVWw==
    dependencies:
      "@parcel/diagnostic" "2.8.0"
      "@parcel/plugin" "2.8.0"
      "@parcel/source-map" "^2.1.1"
      "@parcel/utils" "2.8.0"
      browserslist "^4.6.6"
      lightningcss "^1.16.1"
      nullthrows "^1.1.1"
  
  "@parcel/transformer-html@2.8.0":
    version "2.8.0"
    resolved "https://registry.npmjs.org/@parcel/transformer-html/-/transformer-html-2.8.0.tgz"
    integrity sha512-KLcZCWSIItZ1s12Sav3uvfTrwhX92craN9u7V3qUs8ld7ompTKsCdnf+gYmeCyISb5yiFDyYBvTGc1bOXvaDRQ==
    dependencies:
      "@parcel/diagnostic" "2.8.0"
      "@parcel/hash" "2.8.0"
      "@parcel/plugin" "2.8.0"
      nullthrows "^1.1.1"
      posthtml "^0.16.5"
      posthtml-parser "^0.10.1"
      posthtml-render "^3.0.0"
      semver "^5.7.1"
  
  "@parcel/transformer-image@2.8.0":
    version "2.8.0"
    resolved "https://registry.npmjs.org/@parcel/transformer-image/-/transformer-image-2.8.0.tgz"
    integrity sha512-hJGsZxGlGEkiUvN8kCxA4DhB6/WrHzcIlZZYEgEien9pLctyc6np6idjdcyudPAhH3LwBPkiyeUfCvLAOA1zkA==
    dependencies:
      "@parcel/plugin" "2.8.0"
      "@parcel/utils" "2.8.0"
      "@parcel/workers" "2.8.0"
      nullthrows "^1.1.1"
  
  "@parcel/transformer-js@2.8.0":
    version "2.8.0"
    resolved "https://registry.npmjs.org/@parcel/transformer-js/-/transformer-js-2.8.0.tgz"
    integrity sha512-C5WTkDRiJGBB9tZa1mBsZwsqZjYEKkOa4mdVym3dMokwhFLUga8WtK7kGw4fmXIq41U8ip4orywj+Rd4mvGVWg==
    dependencies:
      "@parcel/diagnostic" "2.8.0"
      "@parcel/plugin" "2.8.0"
      "@parcel/source-map" "^2.1.1"
      "@parcel/utils" "2.8.0"
      "@parcel/workers" "2.8.0"
      "@swc/helpers" "^0.4.12"
      browserslist "^4.6.6"
      detect-libc "^1.0.3"
      nullthrows "^1.1.1"
      regenerator-runtime "^0.13.7"
      semver "^5.7.1"
  
  "@parcel/transformer-json@2.8.0":
    version "2.8.0"
    resolved "https://registry.npmjs.org/@parcel/transformer-json/-/transformer-json-2.8.0.tgz"
    integrity sha512-Pp5gROSMpzFDEI6KA2APuSpft6eXZxFgTPV6Xx9pElqseod3iL5+RnpMNV/nv76Ai2bcMEiafus5Pb09vjHgbQ==
    dependencies:
      "@parcel/plugin" "2.8.0"
      json5 "^2.2.0"
  
  "@parcel/transformer-postcss@2.8.0":
    version "2.8.0"
    resolved "https://registry.npmjs.org/@parcel/transformer-postcss/-/transformer-postcss-2.8.0.tgz"
    integrity sha512-45Ij+cgwXprd1sCLmaMIlCbPz3eEwolGHizgZmXl5l4yjlE2wGyzodhxLpBk1PWu7OxxWRbLnJIlvMYf7Vfw0g==
    dependencies:
      "@parcel/diagnostic" "2.8.0"
      "@parcel/hash" "2.8.0"
      "@parcel/plugin" "2.8.0"
      "@parcel/utils" "2.8.0"
      clone "^2.1.1"
      nullthrows "^1.1.1"
      postcss-value-parser "^4.2.0"
      semver "^5.7.1"
  
  "@parcel/transformer-posthtml@2.8.0":
    version "2.8.0"
    resolved "https://registry.npmjs.org/@parcel/transformer-posthtml/-/transformer-posthtml-2.8.0.tgz"
    integrity sha512-KrkKBFDW5PNZpr2Ha711eIABQOiJQKvfwfVs3CVpJK5wSADkappDk7CQ0mISPjhamFJ6xx/sNsi7e871I8R9lg==
    dependencies:
      "@parcel/plugin" "2.8.0"
      "@parcel/utils" "2.8.0"
      nullthrows "^1.1.1"
      posthtml "^0.16.5"
      posthtml-parser "^0.10.1"
      posthtml-render "^3.0.0"
      semver "^5.7.1"
  
  "@parcel/transformer-raw@2.8.0":
    version "2.8.0"
    resolved "https://registry.npmjs.org/@parcel/transformer-raw/-/transformer-raw-2.8.0.tgz"
    integrity sha512-uEbj+kE70vg2Gmdji/AIXPK13s5aQRw7X+xWs3vNpY2oymyMRHbfx1izJFWBh+kxu6Yo6q6qsekkh2rNHEHIUA==
    dependencies:
      "@parcel/plugin" "2.8.0"
  
  "@parcel/transformer-react-refresh-wrap@2.8.0":
    version "2.8.0"
    resolved "https://registry.npmjs.org/@parcel/transformer-react-refresh-wrap/-/transformer-react-refresh-wrap-2.8.0.tgz"
    integrity sha512-d7G6wBdlwVXLkhC7EO/3UkUOfEOJvsIsQUCEujsrdFF+nfBElXw/TZ+KP8UkmrwMdD0spU/8cKoTyi5k19vt6w==
    dependencies:
      "@parcel/plugin" "2.8.0"
      "@parcel/utils" "2.8.0"
      react-refresh "^0.9.0"
  
  "@parcel/transformer-svg@2.8.0":
    version "2.8.0"
    resolved "https://registry.npmjs.org/@parcel/transformer-svg/-/transformer-svg-2.8.0.tgz"
    integrity sha512-8S6yZoUTCbHOnuWY3M50fscTpI8414945I44fmed+C1e36TnWem8FifuVtGkRZeR8pokF453lmmwWG1eH/4U3w==
    dependencies:
      "@parcel/diagnostic" "2.8.0"
      "@parcel/hash" "2.8.0"
      "@parcel/plugin" "2.8.0"
      nullthrows "^1.1.1"
      posthtml "^0.16.5"
      posthtml-parser "^0.10.1"
      posthtml-render "^3.0.0"
      semver "^5.7.1"
  
  "@parcel/types@2.8.0":
    version "2.8.0"
    resolved "https://registry.npmjs.org/@parcel/types/-/types-2.8.0.tgz"
    integrity sha512-DeN3vCnVl9onjtyWxpbP7LwRslVEko4kBaM7yILsuQjEnXmaIOsqIf6FQJOUOPBtQTFFNeQQ2qyf5XoO/rkJ8g==
    dependencies:
      "@parcel/cache" "2.8.0"
      "@parcel/diagnostic" "2.8.0"
      "@parcel/fs" "2.8.0"
      "@parcel/package-manager" "2.8.0"
      "@parcel/source-map" "^2.1.1"
      "@parcel/workers" "2.8.0"
      utility-types "^3.10.0"
  
  "@parcel/utils@2.8.0":
    version "2.8.0"
    resolved "https://registry.npmjs.org/@parcel/utils/-/utils-2.8.0.tgz"
    integrity sha512-r4ACsGtW7zkMUIgwQyOVtPAFiy8L81gbz4tMIRSqyQKnkW7oEHcQ3uN1/LPxj2yfkyQLmhJxmtptLUy9j53rcw==
    dependencies:
      "@parcel/codeframe" "2.8.0"
      "@parcel/diagnostic" "2.8.0"
      "@parcel/hash" "2.8.0"
      "@parcel/logger" "2.8.0"
      "@parcel/markdown-ansi" "2.8.0"
      "@parcel/source-map" "^2.1.1"
      chalk "^4.1.0"
  
  "@parcel/watcher@^2.0.7":
    version "2.0.7"
    resolved "https://registry.npmjs.org/@parcel/watcher/-/watcher-2.0.7.tgz"
    integrity sha512-gc3hoS6e+2XdIQ4HHljDB1l0Yx2EWh/sBBtCEFNKGSMlwASWeAQsOY/fPbxOBcZ/pg0jBh4Ga+4xHlZc4faAEQ==
    dependencies:
      node-addon-api "^3.2.1"
      node-gyp-build "^4.3.0"
  
  "@parcel/workers@2.8.0":
    version "2.8.0"
    resolved "https://registry.npmjs.org/@parcel/workers/-/workers-2.8.0.tgz"
    integrity sha512-vAzoC/wPHLQnyy9P/TrSPftY8F3MhZqPTFi681mxVtLWA3t7wiNlw1zDVKRDP8m5XS1yQOr8Q56CAHyRexhc8g==
    dependencies:
      "@parcel/diagnostic" "2.8.0"
      "@parcel/logger" "2.8.0"
      "@parcel/types" "2.8.0"
      "@parcel/utils" "2.8.0"
      chrome-trace-event "^1.0.2"
      nullthrows "^1.1.1"
  
  "@swc/helpers@^0.4.12":
    version "0.4.14"
    resolved "https://registry.npmjs.org/@swc/helpers/-/helpers-0.4.14.tgz"
    integrity sha512-4C7nX/dvpzB7za4Ql9K81xK3HPxCpHMgwTZVyf+9JQ6VUbn9jjZVN7/Nkdz/Ugzs2CSjqnL/UPXroiVBVHUWUw==
    dependencies:
      tslib "^2.4.0"
  
  "@trysound/sax@0.2.0":
    version "0.2.0"
    resolved "https://registry.npmjs.org/@trysound/sax/-/sax-0.2.0.tgz"
    integrity sha512-L7z9BgrNEcYyUYtF+HaEfiS5ebkh9jXqbszz7pC0hRBPaatV0XjSD3+eHrpqFemQfgwiFF0QPIarnIihIDn7OA==
  
  "@types/parse-json@^4.0.0":
    version "4.0.0"
    resolved "https://registry.npmjs.org/@types/parse-json/-/parse-json-4.0.0.tgz"
    integrity sha512-//oorEZjL6sbPcKUaCdIGlIUeH26mgzimjBB77G6XRgnDl/L5wOnpyBGRe/Mmf5CVW3PwEBE1NjiMZ/ssFh4wA==
  
  abortcontroller-polyfill@^1.1.9:
    version "1.7.5"
    resolved "https://registry.npmjs.org/abortcontroller-polyfill/-/abortcontroller-polyfill-1.7.5.tgz"
    integrity sha512-JMJ5soJWP18htbbxJjG7bG6yuI6pRhgJ0scHHTfkUjf6wjP912xZWvM+A4sJK3gqd9E8fcPbDnOefbA9Th/FIQ==
  
  acorn@^8.5.0:
    version "8.8.1"
    resolved "https://registry.npmjs.org/acorn/-/acorn-8.8.1.tgz"
    integrity sha512-7zFpHzhnqYKrkYdUjF1HI1bzd0VygEGX8lFk4k5zVMqHEoES+P+7TKI+EvLO9WVMJ8eekdO0aDEK044xTXwPPA==
  
  ansi-styles@^3.2.1:
    version "3.2.1"
    resolved "https://registry.npmjs.org/ansi-styles/-/ansi-styles-3.2.1.tgz"
    integrity sha512-VT0ZI6kZRdTh8YyJw3SMbYm/u+NqfsAxEpWO0Pf9sq8/e94WxxOpPKx9FR1FlyCtOVDNOQ+8ntlqFxiRc+r5qA==
    dependencies:
      color-convert "^1.9.0"
  
  ansi-styles@^4.1.0:
    version "4.3.0"
    resolved "https://registry.npmjs.org/ansi-styles/-/ansi-styles-4.3.0.tgz"
    integrity sha512-zbB9rCJAT1rbjiVDb2hqKFHNYLxgtk8NURxZ3IZwD3F6NtxbXZQCnnSi1Lkx+IDohdPlFp222wVALIheZJQSEg==
    dependencies:
      color-convert "^2.0.1"
  
  asn1@0.1.11:
    version "0.1.11"
    resolved "https://registry.yarnpkg.com/asn1/-/asn1-0.1.11.tgz#559be18376d08a4ec4dbe80877d27818639b2df7"
    integrity sha512-Fh9zh3G2mZ8qM/kwsiKwL2U2FmXxVsboP4x1mXjnhKHv3SmzaBZoYvxEQJz/YS2gnCgd8xlAVWcZnQyC9qZBsA==
  
  assert-plus@^0.1.5:
    version "0.1.5"
    resolved "https://registry.yarnpkg.com/assert-plus/-/assert-plus-0.1.5.tgz#ee74009413002d84cec7219c6ac811812e723160"
    integrity sha512-brU24g7ryhRwGCI2y+1dGQmQXiZF7TtIj583S96y0jjdajIe6wn8BuXyELYhvD22dtIxDQVFk04YTJwwdwOYJw==
  
  async@~0.9.0:
    version "0.9.2"
    resolved "https://registry.yarnpkg.com/async/-/async-0.9.2.tgz#aea74d5e61c1f899613bf64bda66d4c78f2fd17d"
    integrity sha512-l6ToIJIotphWahxxHyzK9bnLR6kM4jJIIgLShZeqLY7iboHoGkdgFl7W2/Ivi4SkMJYGKqW8vSuk0uKUj6qsSw==
  
  asynckit@^0.4.0:
    version "0.4.0"
    resolved "https://registry.yarnpkg.com/asynckit/-/asynckit-0.4.0.tgz#c79ed97f7f34cb8f2ba1bc9790bcc366474b4b79"
    integrity sha512-Oei9OH4tRh0YqU3GxhX79dM/mwVgvbZJaSNaRk+bshkj0S5cfHcgYakreBjrHwatXKbz+IoIdYLxrKim2MjW0Q==
  
  aws-sign@~0.3.0:
    version "0.3.0"
    resolved "https://registry.yarnpkg.com/aws-sign/-/aws-sign-0.3.0.tgz#3d81ca69b474b1e16518728b51c24ff0bbedc6e9"
    integrity sha512-pEMJAknifcXqXqYVXzGPIu8mJvxtJxIdpVpAs8HNS+paT+9srRUDMQn+3hULS7WbLmttcmvgMvnDcFujqXJyPw==
  
  axios@^1.2.1:
    version "1.2.1"
    resolved "https://registry.yarnpkg.com/axios/-/axios-1.2.1.tgz#44cf04a3c9f0c2252ebd85975361c026cb9f864a"
    integrity sha512-I88cFiGu9ryt/tfVEi4kX2SITsvDddTajXTOFmt2uK1ZVA8LytjtdeyefdQWEf5PU8w+4SSJDoYnggflB5tW4A==
    dependencies:
      follow-redirects "^1.15.0"
      form-data "^4.0.0"
      proxy-from-env "^1.1.0"
  
  base-x@^3.0.8:
    version "3.0.9"
    resolved "https://registry.npmjs.org/base-x/-/base-x-3.0.9.tgz"
    integrity sha512-H7JU6iBHTal1gp56aKoaa//YUxEaAOUiydvrV/pILqIHXTtqxSkATOnDA2u+jZ/61sD+L/412+7kzXRtWukhpQ==
    dependencies:
      safe-buffer "^5.0.1"
  
  base64-js@^1.3.1:
    version "1.5.1"
    resolved "https://registry.yarnpkg.com/base64-js/-/base64-js-1.5.1.tgz#1b1b440160a5bf7ad40b650f095963481903930a"
    integrity sha512-AKpaYlHn8t4SVbOHCy+b5+KKgvR4vrsD8vbvrbiQJps7fKDTkjkDry6ji0rUJjC0kzbNePLwzxq8iypo41qeWA==
  
  boolbase@^1.0.0:
    version "1.0.0"
    resolved "https://registry.npmjs.org/boolbase/-/boolbase-1.0.0.tgz"
    integrity sha512-JZOSA7Mo9sNGB8+UjSgzdLtokWAky1zbztM3WRLCbZ70/3cTANmQmOdR7y2g+J0e2WXywy1yS468tY+IruqEww==
  
  boom@0.4.x:
    version "0.4.2"
    resolved "https://registry.yarnpkg.com/boom/-/boom-0.4.2.tgz#7a636e9ded4efcefb19cef4947a3c67dfaee911b"
    integrity sha512-OvfN8y1oAxxphzkl2SnCS+ztV/uVKTATtgLjWYg/7KwcNyf3rzpHxNQJZCKtsZd4+MteKczhWbSjtEX4bGgU9g==
    dependencies:
      hoek "0.9.x"
  
  browserslist@^4.6.6:
    version "4.21.4"
    resolved "https://registry.npmjs.org/browserslist/-/browserslist-4.21.4.tgz"
    integrity sha512-CBHJJdDmgjl3daYjN5Cp5kbTf1mUhZoS+beLklHIvkOWscs83YAhLlF3Wsh/lciQYAcbBJgTOD44VtG31ZM4Hw==
    dependencies:
      caniuse-lite "^1.0.30001400"
      electron-to-chromium "^1.4.251"
      node-releases "^2.0.6"
      update-browserslist-db "^1.0.9"
  
  buffer-from@^1.0.0:
    version "1.1.2"
    resolved "https://registry.npmjs.org/buffer-from/-/buffer-from-1.1.2.tgz"
    integrity sha512-E+XQCRwSbaaiChtv6k6Dwgc+bx+Bs6vuKJHHl5kox/BaKbhiXzqQOwK4cO22yElGp2OCmjwVhT3HmxgyPGnJfQ==
  
  buffer@^6.0.3:
    version "6.0.3"
    resolved "https://registry.yarnpkg.com/buffer/-/buffer-6.0.3.tgz#2ace578459cc8fbe2a70aaa8f52ee63b6a74c6c6"
    integrity sha512-FTiCpNxtwiZZHEZbcbTIcZjERVICn9yq/pDFkTl95/AxzD1naBctN7YO68riM/gLSDY7sdrMby8hofADYuuqOA==
    dependencies:
      base64-js "^1.3.1"
      ieee754 "^1.2.1"
  
  callsites@^3.0.0:
    version "3.1.0"
    resolved "https://registry.npmjs.org/callsites/-/callsites-3.1.0.tgz"
    integrity sha512-P8BjAsXvZS+VIDUI11hHCQEv74YT67YUi5JJFNWIqL235sBmjX4+qx9Muvls5ivyNENctx46xQLQ3aTuE7ssaQ==
  
  caniuse-lite@^1.0.30001400:
    version "1.0.30001436"
    resolved "https://registry.npmjs.org/caniuse-lite/-/caniuse-lite-1.0.30001436.tgz"
    integrity sha512-ZmWkKsnC2ifEPoWUvSAIGyOYwT+keAaaWPHiQ9DfMqS1t6tfuyFYoWR78TeZtznkEQ64+vGXH9cZrElwR2Mrxg==
  
  chalk@^2.0.0:
    version "2.4.2"
    resolved "https://registry.npmjs.org/chalk/-/chalk-2.4.2.tgz"
    integrity sha512-Mti+f9lpJNcwF4tWV8/OrTTtF1gZi+f8FqlyAdouralcFWFQWF2+NgCHShjkCb+IFBLq9buZwE1xckQU4peSuQ==
    dependencies:
      ansi-styles "^3.2.1"
      escape-string-regexp "^1.0.5"
      supports-color "^5.3.0"
  
  chalk@^4.1.0:
    version "4.1.2"
    resolved "https://registry.npmjs.org/chalk/-/chalk-4.1.2.tgz"
    integrity sha512-oKnbhFyRIXpUuez8iBMmyEa4nbj4IOQyuhc/wy9kY7/WVPcwIO9VA668Pu8RkO7+0G76SLROeyw9CpQ061i4mA==
    dependencies:
      ansi-styles "^4.1.0"
      supports-color "^7.1.0"
  
  chrome-trace-event@^1.0.2:
    version "1.0.3"
    resolved "https://registry.npmjs.org/chrome-trace-event/-/chrome-trace-event-1.0.3.tgz"
    integrity sha512-p3KULyQg4S7NIHixdwbGX+nFHkoBiA4YQmyWtjb8XngSKV124nJmRysgAeujbUVb15vh+RvFUfCPqU7rXk+hZg==
  
  clone@^2.1.1:
    version "2.1.2"
    resolved "https://registry.npmjs.org/clone/-/clone-2.1.2.tgz"
    integrity sha512-3Pe/CF1Nn94hyhIYpjtiLhdCoEoz0DqQ+988E9gmeEdQZlojxnOb74wctFyuwWQHzqyf9X7C7MG8juUpqBJT8w==
  
  color-convert@^1.9.0:
    version "1.9.3"
    resolved "https://registry.npmjs.org/color-convert/-/color-convert-1.9.3.tgz"
    integrity sha512-QfAUtd+vFdAtFQcC8CCyYt1fYWxSqAiK2cSD6zDB8N3cpsEBAvRxp9zOGg6G/SHHJYAT88/az/IuDGALsNVbGg==
    dependencies:
      color-name "1.1.3"
  
  color-convert@^2.0.1:
    version "2.0.1"
    resolved "https://registry.npmjs.org/color-convert/-/color-convert-2.0.1.tgz"
    integrity sha512-RRECPsj7iu/xb5oKYcsFHSppFNnsj/52OVTRKb4zP5onXwVF3zVmmToNcOfGC+CRDpfK/U584fMg38ZHCaElKQ==
    dependencies:
      color-name "~1.1.4"
  
  color-name@1.1.3:
    version "1.1.3"
    resolved "https://registry.npmjs.org/color-name/-/color-name-1.1.3.tgz"
    integrity sha512-72fSenhMw2HZMTVHeCA9KCmpEIbzWiQsjN+BHcBbS9vr1mtt+vJjPdksIBNUmKAW8TFUDPJK5SUU3QhE9NEXDw==
  
  color-name@~1.1.4:
    version "1.1.4"
    resolved "https://registry.npmjs.org/color-name/-/color-name-1.1.4.tgz"
    integrity sha512-dOy+3AuW3a2wNbZHIuMZpTcgjGuLU/uBL/ubcZF9OXbDo8ff4O8yVp5Bf0efS8uEoYo5q4Fx7dY9OgQGXgAsQA==
  
  colors@~0.6.2:
    version "0.6.2"
    resolved "https://registry.yarnpkg.com/colors/-/colors-0.6.2.tgz#2423fe6678ac0c5dae8852e5d0e5be08c997abcc"
    integrity sha512-OsSVtHK8Ir8r3+Fxw/b4jS1ZLPXkV6ZxDRJQzeD7qo0SqMXWrHDM71DgYzPMHY8SFJ0Ao+nNU2p1MmwdzKqPrw==
  
  combined-stream@^1.0.8:
    version "1.0.8"
    resolved "https://registry.yarnpkg.com/combined-stream/-/combined-stream-1.0.8.tgz#c3d45a8b34fd730631a110a8a2520682b31d5a7f"
    integrity sha512-FQN4MRfuJeHf7cBbBMJFXhKSDq+2kAArBlmRBvcvFE5BB1HZKXtSFASDhdlz9zOYwxh8lDdnvmMOe/+5cdoEdg==
    dependencies:
      delayed-stream "~1.0.0"
  
  combined-stream@~0.0.4:
    version "0.0.7"
    resolved "https://registry.yarnpkg.com/combined-stream/-/combined-stream-0.0.7.tgz#0137e657baa5a7541c57ac37ac5fc07d73b4dc1f"
    integrity sha512-qfexlmLp9MyrkajQVyjEDb0Vj+KhRgR/rxLiVhaihlT+ZkX0lReqtH6Ack40CvMDERR4b5eFp3CreskpBs1Pig==
    dependencies:
      delayed-stream "0.0.5"
  
  commander@^2.20.0:
    version "2.20.3"
    resolved "https://registry.npmjs.org/commander/-/commander-2.20.3.tgz"
    integrity sha512-GpVkmM8vF2vQUkj2LvZmD35JxeJOLCwJ9cUkugyk2nuhbv3+mJvpLYYt+0+USMxE+oj+ey/lJEnhZw75x/OMcQ==
  
  commander@^7.0.0, commander@^7.2.0:
    version "7.2.0"
    resolved "https://registry.npmjs.org/commander/-/commander-7.2.0.tgz"
    integrity sha512-QrWXB+ZQSVPmIWIhtEO9H+gwHaMGYiF5ChvoJ+K9ZGHG/sVsa6yiesAD1GC/x46sET00Xlwo1u49RVVVzvcSkw==
  
  cookie-jar@~0.3.0:
    version "0.3.0"
    resolved "https://registry.yarnpkg.com/cookie-jar/-/cookie-jar-0.3.0.tgz#bc9a27d4e2b97e186cd57c9e2063cb99fa68cccc"
    integrity sha512-dX1400pzPULr+ZovkIsDEqe7XH8xCAYGT5Dege4Eot44Qs2mS2iJmnh45TxTO5MIsCfrV/JGZVloLhm46AHxNw==
  
  core-util-is@~1.0.0:
    version "1.0.3"
    resolved "https://registry.yarnpkg.com/core-util-is/-/core-util-is-1.0.3.tgz#a6042d3634c2b27e9328f837b965fac83808db85"
    integrity sha512-ZQBvi1DcpJ4GDqanjucZ2Hj3wEO5pZDS89BWbkcrvdxksJorwUDDZamX9ldFkp9aw2lmBDLgkObEA4DWNJ9FYQ==
  
  cosmiconfig@^7.0.1:
    version "7.1.0"
    resolved "https://registry.npmjs.org/cosmiconfig/-/cosmiconfig-7.1.0.tgz"
    integrity sha512-AdmX6xUzdNASswsFtmwSt7Vj8po9IuqXm0UXz7QKPuEUmPB4XyjGfaAr2PSuELMwkRMVH1EpIkX5bTZGRB3eCA==
    dependencies:
      "@types/parse-json" "^4.0.0"
      import-fresh "^3.2.1"
      parse-json "^5.0.0"
      path-type "^4.0.0"
      yaml "^1.10.0"
  
  cryptiles@0.2.x:
    version "0.2.2"
    resolved "https://registry.yarnpkg.com/cryptiles/-/cryptiles-0.2.2.tgz#ed91ff1f17ad13d3748288594f8a48a0d26f325c"
    integrity sha512-gvWSbgqP+569DdslUiCelxIv3IYK5Lgmq1UrRnk+s1WxQOQ16j3GPDcjdtgL5Au65DU/xQi6q3xPtf5Kta+3IQ==
    dependencies:
      boom "0.4.x"
  
  css-select@^4.1.3:
    version "4.3.0"
    resolved "https://registry.npmjs.org/css-select/-/css-select-4.3.0.tgz"
    integrity sha512-wPpOYtnsVontu2mODhA19JrqWxNsfdatRKd64kmpRbQgh1KtItko5sTnEpPdpSaJszTOhEMlF/RPz28qj4HqhQ==
    dependencies:
      boolbase "^1.0.0"
      css-what "^6.0.1"
      domhandler "^4.3.1"
      domutils "^2.8.0"
      nth-check "^2.0.1"
  
  css-tree@^1.1.2, css-tree@^1.1.3:
    version "1.1.3"
    resolved "https://registry.npmjs.org/css-tree/-/css-tree-1.1.3.tgz"
    integrity sha512-tRpdppF7TRazZrjJ6v3stzv93qxRcSsFmW6cX0Zm2NVKpxE1WV1HblnghVv9TreireHkqI/VDEsfolRF1p6y7Q==
    dependencies:
      mdn-data "2.0.14"
      source-map "^0.6.1"
  
  css-what@^6.0.1:
    version "6.1.0"
    resolved "https://registry.npmjs.org/css-what/-/css-what-6.1.0.tgz"
    integrity sha512-HTUrgRJ7r4dsZKU6GjmpfRK1O76h97Z8MfS1G0FozR+oF2kG6Vfe8JE6zwrkbxigziPHinCJ+gCPjA9EaBDtRw==
  
  csso@^4.2.0:
    version "4.2.0"
    resolved "https://registry.npmjs.org/csso/-/csso-4.2.0.tgz"
    integrity sha512-wvlcdIbf6pwKEk7vHj8/Bkc0B4ylXZruLvOgs9doS5eOsOpuodOV2zJChSpkp+pRpYQLQMeF04nr3Z68Sta9jA==
    dependencies:
      css-tree "^1.1.2"
  
  ctype@0.5.3:
    version "0.5.3"
    resolved "https://registry.yarnpkg.com/ctype/-/ctype-0.5.3.tgz#82c18c2461f74114ef16c135224ad0b9144ca12f"
    integrity sha512-T6CEkoSV4q50zW3TlTHMbzy1E5+zlnNcY+yb7tWVYlTwPhx9LpnfAkd4wecpWknDyptp4k97LUZeInlf6jdzBg==
  
  delayed-stream@0.0.5:
    version "0.0.5"
    resolved "https://registry.yarnpkg.com/delayed-stream/-/delayed-stream-0.0.5.tgz#d4b1f43a93e8296dfe02694f4680bc37a313c73f"
    integrity sha512-v+7uBd1pqe5YtgPacIIbZ8HuHeLFVNe4mUEyFDXL6KiqzEykjbw+5mXZXpGFgNVasdL4jWKgaKIXrEHiynN1LA==
  
  delayed-stream@~1.0.0:
    version "1.0.0"
    resolved "https://registry.yarnpkg.com/delayed-stream/-/delayed-stream-1.0.0.tgz#df3ae199acadfb7d440aaae0b29e2272b24ec619"
    integrity sha512-ZySD7Nf91aLB0RxL4KGrKHBXl7Eds1DAmEdcoVawXnLD7SDhpNgtuII2aAkg7a7QS41jxPSZ17p4VdGnMHk3MQ==
  
  detect-libc@^1.0.3:
    version "1.0.3"
    resolved "https://registry.npmjs.org/detect-libc/-/detect-libc-1.0.3.tgz"
    integrity sha512-pGjwhsmsp4kL2RTz08wcOlGN83otlqHeD/Z5T8GXZB+/YcpQ/dgo+lbU8ZsGxV0HIvqqxo9l7mqYwyYMD9bKDg==
  
  dom-serializer@^1.0.1:
    version "1.4.1"
    resolved "https://registry.npmjs.org/dom-serializer/-/dom-serializer-1.4.1.tgz"
    integrity sha512-VHwB3KfrcOOkelEG2ZOfxqLZdfkil8PtJi4P8N2MMXucZq2yLp75ClViUlOVwyoHEDjYU433Aq+5zWP61+RGag==
    dependencies:
      domelementtype "^2.0.1"
      domhandler "^4.2.0"
      entities "^2.0.0"
  
  domelementtype@^2.0.1, domelementtype@^2.2.0:
    version "2.3.0"
    resolved "https://registry.npmjs.org/domelementtype/-/domelementtype-2.3.0.tgz"
    integrity sha512-OLETBj6w0OsagBwdXnPdN0cnMfF9opN69co+7ZrbfPGrdpPVNBUj02spi6B1N7wChLQiPn4CSH/zJvXw56gmHw==
  
  domhandler@^4.2.0, domhandler@^4.2.2, domhandler@^4.3.1:
    version "4.3.1"
    resolved "https://registry.npmjs.org/domhandler/-/domhandler-4.3.1.tgz"
    integrity sha512-GrwoxYN+uWlzO8uhUXRl0P+kHE4GtVPfYzVLcUxPL7KNdHKj66vvlhiweIHqYYXWlw+T8iLMp42Lm67ghw4WMQ==
    dependencies:
      domelementtype "^2.2.0"
  
  domutils@^2.8.0:
    version "2.8.0"
    resolved "https://registry.npmjs.org/domutils/-/domutils-2.8.0.tgz"
    integrity sha512-w96Cjofp72M5IIhpjgobBimYEfoPjx1Vx0BSX9P30WBdZW2WIKU0T1Bd0kz2eNZ9ikjKgHbEyKx8BB6H1L3h3A==
    dependencies:
      dom-serializer "^1.0.1"
      domelementtype "^2.2.0"
      domhandler "^4.2.0"
  
  dotenv-expand@^5.1.0:
    version "5.1.0"
    resolved "https://registry.npmjs.org/dotenv-expand/-/dotenv-expand-5.1.0.tgz"
    integrity sha512-YXQl1DSa4/PQyRfgrv6aoNjhasp/p4qs9FjJ4q4cQk+8m4r6k4ZSiEyytKG8f8W9gi8WsQtIObNmKd+tMzNTmA==
  
  dotenv@^7.0.0:
    version "7.0.0"
    resolved "https://registry.npmjs.org/dotenv/-/dotenv-7.0.0.tgz"
    integrity sha512-M3NhsLbV1i6HuGzBUH8vXrtxOk+tWmzWKDMbAVSUp3Zsjm7ywFeuwrUXhmhQyRK1q5B5GGy7hcXPbj3bnfZg2g==
  
  electron-to-chromium@^1.4.251:
    version "1.4.284"
    resolved "https://registry.npmjs.org/electron-to-chromium/-/electron-to-chromium-1.4.284.tgz"
    integrity sha512-M8WEXFuKXMYMVr45fo8mq0wUrrJHheiKZf6BArTKk9ZBYCKJEOU5H8cdWgDT+qCVZf7Na4lVUaZsA+h6uA9+PA==
  
  entities@^2.0.0:
    version "2.2.0"
    resolved "https://registry.npmjs.org/entities/-/entities-2.2.0.tgz"
    integrity sha512-p92if5Nz619I0w+akJrLZH0MX0Pb5DX39XOwQTtXSdQQOaYH03S1uIQp4mhOZtAXrxq4ViO67YTiLBo2638o9A==
  
  entities@^3.0.1:
    version "3.0.1"
    resolved "https://registry.npmjs.org/entities/-/entities-3.0.1.tgz"
    integrity sha512-WiyBqoomrwMdFG1e0kqvASYfnlb0lp8M5o5Fw2OFq1hNZxxcNk8Ik0Xm7LxzBhuidnZB/UtBqVCgUz3kBOP51Q==
  
  error-ex@^1.3.1:
    version "1.3.2"
    resolved "https://registry.npmjs.org/error-ex/-/error-ex-1.3.2.tgz"
    integrity sha512-7dFHNmqeFSEt2ZBsCriorKnn3Z2pj+fd9kmI6QoWw4//DL+icEBfc0U7qJCisqrTsKTjw4fNFy2pW9OqStD84g==
    dependencies:
      is-arrayish "^0.2.1"
  
  escalade@^3.1.1:
    version "3.1.1"
    resolved "https://registry.npmjs.org/escalade/-/escalade-3.1.1.tgz"
    integrity sha512-k0er2gUkLf8O0zKJiAhmkTnJlTvINGv7ygDNPbeIsX/TJjGJZHuh9B2UxbsaEkmlEo9MfhrSzmhIlhRlI2GXnw==
  
  escape-string-regexp@^1.0.5:
    version "1.0.5"
    resolved "https://registry.npmjs.org/escape-string-regexp/-/escape-string-regexp-1.0.5.tgz"
    integrity sha512-vbRorB5FUQWvla16U8R/qgaFIya2qGzwDrNmCZuYKrbdSUMG6I1ZCGQRefkRVhuOkIGVne7BQ35DSfo1qvJqFg==
  
  follow-redirects@^1.15.0:
    version "1.15.2"
    resolved "https://registry.yarnpkg.com/follow-redirects/-/follow-redirects-1.15.2.tgz#b460864144ba63f2681096f274c4e57026da2c13"
    integrity sha512-VQLG33o04KaQ8uYi2tVNbdrWp1QWxNNea+nmIB4EVM28v0hmP17z7aG1+wAkNzVq4KeXTq3221ye5qTJP91JwA==
  
  foreach@~2.0.1:
    version "2.0.6"
    resolved "https://registry.yarnpkg.com/foreach/-/foreach-2.0.6.tgz#87bcc8a1a0e74000ff2bf9802110708cfb02eb6e"
    integrity sha512-k6GAGDyqLe9JaebCsFCoudPPWfihKu8pylYXRlqP1J7ms39iPoTtk2fviNglIeQEwdh0bQeKJ01ZPyuyQvKzwg==
  
  forever-agent@~0.5.0:
    version "0.5.2"
    resolved "https://registry.yarnpkg.com/forever-agent/-/forever-agent-0.5.2.tgz#6d0e09c4921f94a27f63d3b49c5feff1ea4c5130"
    integrity sha512-PDG5Ef0Dob/JsZUxUltJOhm/Y9mlteAE+46y3M9RBz/Rd3QVENJ75aGRhN56yekTUboaBIkd8KVWX2NjF6+91A==
  
  form-data@^4.0.0:
    version "4.0.0"
    resolved "https://registry.yarnpkg.com/form-data/-/form-data-4.0.0.tgz#93919daeaf361ee529584b9b31664dc12c9fa452"
    integrity sha512-ETEklSGi5t0QMZuiXoA/Q6vcnxcLQP5vdugSpuAyi6SVGi2clPPp+xgEhuMaHC+zGgn31Kd235W35f7Hykkaww==
    dependencies:
      asynckit "^0.4.0"
      combined-stream "^1.0.8"
      mime-types "^2.1.12"
  
  form-data@~0.1.0:
    version "0.1.4"
    resolved "https://registry.yarnpkg.com/form-data/-/form-data-0.1.4.tgz#91abd788aba9702b1aabfa8bc01031a2ac9e3b12"
    integrity sha512-x8eE+nzFtAMA0YYlSxf/Qhq6vP1f8wSoZ7Aw1GuctBcmudCNuTUmmx45TfEplyb6cjsZO/jvh6+1VpZn24ez+w==
    dependencies:
      async "~0.9.0"
      combined-stream "~0.0.4"
      mime "~1.2.11"
  
  get-port@^4.2.0:
    version "4.2.0"
    resolved "https://registry.npmjs.org/get-port/-/get-port-4.2.0.tgz"
    integrity sha512-/b3jarXkH8KJoOMQc3uVGHASwGLPq3gSFJ7tgJm2diza+bydJPTGOibin2steecKeOylE8oY2JERlVWkAJO6yw==
  
  globals@^13.2.0:
    version "13.18.0"
    resolved "https://registry.npmjs.org/globals/-/globals-13.18.0.tgz"
    integrity sha512-/mR4KI8Ps2spmoc0Ulu9L7agOF0du1CZNQ3dke8yItYlyKNmGrkONemBbd6V8UTc1Wgcqn21t3WYB7dbRmh6/A==
    dependencies:
      type-fest "^0.20.2"
  
  has-flag@^3.0.0:
    version "3.0.0"
    resolved "https://registry.npmjs.org/has-flag/-/has-flag-3.0.0.tgz"
    integrity sha512-sKJf1+ceQBr4SMkvQnBDNDtf4TXpVhVGateu0t918bl30FnbE2m4vNLX+VWe/dpjlb+HugGYzW7uQXH98HPEYw==
  
  has-flag@^4.0.0:
    version "4.0.0"
    resolved "https://registry.npmjs.org/has-flag/-/has-flag-4.0.0.tgz"
    integrity sha512-EykJT/Q1KjTWctppgIAgfSO0tKVuZUjhgMr17kqTumMl6Afv3EISleU7qZUzoXDFTAHTDC4NOoG/ZxU3EvlMPQ==
  
  hawk@~1.0.0:
    version "1.0.0"
    resolved "https://registry.yarnpkg.com/hawk/-/hawk-1.0.0.tgz#b90bb169807285411da7ffcb8dd2598502d3b52d"
    integrity sha512-Sg+VzrI7TjUomO0rjD6UXawsj50ykn5sB/xKNW/IenxzRVyw/wt9A2FLzYpGL/r0QG5hyXY8nLx/2m8UutoDcg==
    dependencies:
      boom "0.4.x"
      cryptiles "0.2.x"
      hoek "0.9.x"
      sntp "0.2.x"
  
  hoek@0.9.x:
    version "0.9.1"
    resolved "https://registry.yarnpkg.com/hoek/-/hoek-0.9.1.tgz#3d322462badf07716ea7eb85baf88079cddce505"
    integrity sha512-ZZ6eGyzGjyMTmpSPYVECXy9uNfqBR7x5CavhUaLOeD6W0vWK1mp/b7O3f86XE0Mtfo9rZ6Bh3fnuw9Xr8MF9zA==
  
  htmlnano@^2.0.0:
    version "2.0.3"
    resolved "https://registry.npmjs.org/htmlnano/-/htmlnano-2.0.3.tgz"
    integrity sha512-S4PGGj9RbdgW8LhbILNK7W9JhmYP8zmDY7KDV/8eCiJBQJlbmltp5I0gv8c5ntLljfdxxfmJ+UJVSqyH4mb41A==
    dependencies:
      cosmiconfig "^7.0.1"
      posthtml "^0.16.5"
      timsort "^0.3.0"
  
  htmlparser2@^7.1.1:
    version "7.2.0"
    resolved "https://registry.npmjs.org/htmlparser2/-/htmlparser2-7.2.0.tgz"
    integrity sha512-H7MImA4MS6cw7nbyURtLPO1Tms7C5H602LRETv95z1MxO/7CP7rDVROehUYeYBUYEON94NXXDEPmZuq+hX4sog==
    dependencies:
      domelementtype "^2.0.1"
      domhandler "^4.2.2"
      domutils "^2.8.0"
      entities "^3.0.1"
  
  http-signature@~0.10.0:
    version "0.10.1"
    resolved "https://registry.yarnpkg.com/http-signature/-/http-signature-0.10.1.tgz#4fbdac132559aa8323121e540779c0a012b27e66"
    integrity sha512-coK8uR5rq2IMj+Hen+sKPA5ldgbCc1/spPdKCL1Fw6h+D0s/2LzMcRK0Cqufs1h0ryx/niwBHGFu8HC3hwU+lA==
    dependencies:
      asn1 "0.1.11"
      assert-plus "^0.1.5"
      ctype "0.5.3"
  
  ieee754@^1.2.1:
    version "1.2.1"
    resolved "https://registry.yarnpkg.com/ieee754/-/ieee754-1.2.1.tgz#8eb7a10a63fff25d15a57b001586d177d1b0d352"
    integrity sha512-dcyqhDvX1C46lXZcVqCpK+FtMRQVdIMN6/Df5js2zouUsqG7I6sFxitIC+7KYK29KdXOLHdu9zL4sFnoVQnqaA==
  
  import-fresh@^3.2.1:
    version "3.3.0"
    resolved "https://registry.npmjs.org/import-fresh/-/import-fresh-3.3.0.tgz"
    integrity sha512-veYYhQa+D1QBKznvhUHxb8faxlrwUnxseDAbAp457E0wLNio2bOSKnjYDhMj+YiAq61xrMGhQk9iXVk5FzgQMw==
    dependencies:
      parent-module "^1.0.0"
      resolve-from "^4.0.0"
  
  indexof@~0.0.1:
    version "0.0.1"
    resolved "https://registry.yarnpkg.com/indexof/-/indexof-0.0.1.tgz#82dc336d232b9062179d05ab3293a66059fd435d"
    integrity sha512-i0G7hLJ1z0DE8dsqJa2rycj9dBmNKgXBvotXtZYXakU9oivfB9Uj2ZBC27qqef2U58/ZLwalxa1X/RDCdkHtVg==
  
  inherits@~2.0.1:
    version "2.0.4"
    resolved "https://registry.yarnpkg.com/inherits/-/inherits-2.0.4.tgz#0fa2c64f932917c3433a0ded55363aae37416b7c"
    integrity sha512-k/vGaX4/Yla3WzyMCvTQOXYeIHvqOKtnqBduzTHpzpQZzAskKMhZ2K+EnBiSM9zGSoIFeMpXKxa4dYeZIQqewQ==
  
  is-arrayish@^0.2.1:
    version "0.2.1"
    resolved "https://registry.npmjs.org/is-arrayish/-/is-arrayish-0.2.1.tgz"
    integrity sha512-zz06S8t0ozoDXMG+ube26zeCTNXcKIPJZJi8hBrF4idCLms4CG9QtK7qBl1boi5ODzFpjswb5JPmHCbMpjaYzg==
  
  is-json@^2.0.1:
    version "2.0.1"
    resolved "https://registry.npmjs.org/is-json/-/is-json-2.0.1.tgz"
    integrity sha512-6BEnpVn1rcf3ngfmViLM6vjUjGErbdrL4rwlv+u1NO1XO8kqT4YGL8+19Q+Z/bas8tY90BTWMk2+fW1g6hQjbA==
  
  is-object@~0.1.2:
    version "0.1.2"
    resolved "https://registry.yarnpkg.com/is-object/-/is-object-0.1.2.tgz#00efbc08816c33cfc4ac8251d132e10dc65098d7"
    integrity sha512-GkfZZlIZtpkFrqyAXPQSRBMsaHAw+CgoKe2HXAkjd/sfoI9+hS8PT4wg2rJxdQyUKr7N2vHJbg7/jQtE5l5vBQ==
  
  is@~0.2.6:
    version "0.2.7"
    resolved "https://registry.yarnpkg.com/is/-/is-0.2.7.tgz#3b34a2c48f359972f35042849193ae7264b63562"
    integrity sha512-ajQCouIvkcSnl2iRdK70Jug9mohIHVX9uKpoWnl115ov0R5mzBvRrXxrnHbsA+8AdwCwc/sfw7HXmd4I5EJBdQ==
  
  isarray@0.0.1:
    version "0.0.1"
    resolved "https://registry.yarnpkg.com/isarray/-/isarray-0.0.1.tgz#8a18acfca9a8f4177e09abfc6038939b05d1eedf"
    integrity sha512-D2S+3GLxWH+uhrNEcoh/fnmYeP8E8/zHl644d/jdA0g2uyXvy3sb0qxotE+ne0LtccHknQzWwZEzhak7oJ0COQ==
  
  js-tokens@^4.0.0:
    version "4.0.0"
    resolved "https://registry.npmjs.org/js-tokens/-/js-tokens-4.0.0.tgz"
    integrity sha512-RdJUflcE3cUzKiMqQgsCu06FPu9UdIJO0beYbPhHN4k6apgJtifcoCtT9bcxOpYBtpD2kCM6Sbzg4CausW/PKQ==
  
  json-parse-even-better-errors@^2.3.0:
    version "2.3.1"
    resolved "https://registry.npmjs.org/json-parse-even-better-errors/-/json-parse-even-better-errors-2.3.1.tgz"
    integrity sha512-xyFwyhro/JEof6Ghe2iz2NcXoj2sloNsWr/XsERDK/oiPCfaNhl5ONfp+jQdAZRQQ0IJWNzH9zIZF7li91kh2w==
  
  json-stringify-safe@~5.0.0:
    version "5.0.1"
    resolved "https://registry.yarnpkg.com/json-stringify-safe/-/json-stringify-safe-5.0.1.tgz#1296a2d58fd45f19a0f6ce01d65701e2c735b6eb"
    integrity sha512-ZClg6AaYvamvYEE82d3Iyd3vSSIjQ+odgjaTzRuO3s7toCdFKczob2i0zCh7JE8kWn17yvAWhUVxvqGwUalsRA==
  
  json5@^2.2.0, json5@^2.2.1:
    version "2.2.1"
    resolved "https://registry.npmjs.org/json5/-/json5-2.2.1.tgz"
    integrity sha512-1hqLFMSrGHRHxav9q9gNjJ5EXznIxGVO09xQRrwplcS8qs28pZ8s8hupZAmqDwZUmVZ2Qb2jnyPOWcDH8m8dlA==
  
  lightningcss-darwin-arm64@1.17.1:
    version "1.17.1"
    resolved "https://registry.yarnpkg.com/lightningcss-darwin-arm64/-/lightningcss-darwin-arm64-1.17.1.tgz#d0384a47f19f1a02c29074930a23e5888e76b11a"
    integrity sha512-YTAHEy4XlzI3sMbUVjbPi9P7+N7lGcgl2JhCZhiQdRAEKnZLQch8kb5601sgESxdGXjgei7JZFqi/vVEk81wYg==
  
  lightningcss-darwin-x64@1.17.1:
    version "1.17.1"
    resolved "https://registry.yarnpkg.com/lightningcss-darwin-x64/-/lightningcss-darwin-x64-1.17.1.tgz#7fa5853f71eb8698b511dbad43305666e0e0d871"
    integrity sha512-UhXPUS2+yTTf5sXwUV0+8QY2x0bPGLgC/uhcknWSQMqWn1zGty4fFvH04D7f7ij0ujwSuN+Q0HtU7lgmMrPz0A==
  
  lightningcss-linux-arm-gnueabihf@1.17.1:
    version "1.17.1"
    resolved "https://registry.yarnpkg.com/lightningcss-linux-arm-gnueabihf/-/lightningcss-linux-arm-gnueabihf-1.17.1.tgz#9ba7ffd5be686210b88ec28bb495bf9593698678"
    integrity sha512-alUZumuznB6K/9yZ0zuZkODXUm8uRnvs9t0CL46CXN16Y2h4gOx5ahUCMlelUb7inZEsgJIoepgLsJzBUrSsBw==
  
  lightningcss-linux-arm64-gnu@1.17.1:
    version "1.17.1"
    resolved "https://registry.yarnpkg.com/lightningcss-linux-arm64-gnu/-/lightningcss-linux-arm64-gnu-1.17.1.tgz#aeee6b5ed613198aab978c878f26110d6e8e70d2"
    integrity sha512-/1XaH2cOjDt+ivmgfmVFUYCA0MtfNWwtC4P8qVi53zEQ7P8euyyZ1ynykZOyKXW9Q0DzrwcLTh6+hxVLcbtGBg==
  
  lightningcss-linux-arm64-musl@1.17.1:
    version "1.17.1"
    resolved "https://registry.yarnpkg.com/lightningcss-linux-arm64-musl/-/lightningcss-linux-arm64-musl-1.17.1.tgz#14e46b8d2f50e83a710c62432e447bd9f0c328a5"
    integrity sha512-/IgE7lYWFHCCQFTMIwtt+fXLcVOha8rcrNze1JYGPWNorO6NBc6MJo5u5cwn5qMMSz9fZCCDIlBBU4mGwjQszQ==
  
  lightningcss-linux-x64-gnu@1.17.1:
    version "1.17.1"
    resolved "https://registry.yarnpkg.com/lightningcss-linux-x64-gnu/-/lightningcss-linux-x64-gnu-1.17.1.tgz#17b8abb73d7b32338d5b248ac12325f506964e69"
    integrity sha512-OyE802IAp4DB9vZrHlOyWunbHLM9dN08tJIKN/HhzzLKIHizubOWX6NMzUXMZLsaUrYwVAHHdyEA+712p8mMzA==
  
  lightningcss-linux-x64-musl@1.17.1:
    version "1.17.1"
    resolved "https://registry.yarnpkg.com/lightningcss-linux-x64-musl/-/lightningcss-linux-x64-musl-1.17.1.tgz#78765c58c111af43e7d311afa4713348ce9b2766"
    integrity sha512-ydwGgV3Usba5P53RAOqCA9MsRsbb8jFIEVhf7/BXFjpKNoIQyijVTXhwIgQr/oGwUNOHfgQ3F8ruiUjX/p2YKw==
  
  lightningcss-win32-x64-msvc@1.17.1:
    version "1.17.1"
    resolved "https://registry.npmjs.org/lightningcss-win32-x64-msvc/-/lightningcss-win32-x64-msvc-1.17.1.tgz"
    integrity sha512-Ngqtx9NazaiAOk71XWwSsqgAuwYF+8PO6UYsoU7hAukdrSS98kwaBMEDw1igeIiZy1XD/4kh5KVnkjNf7ZOxVQ==
  
  lightningcss@^1.16.1:
    version "1.17.1"
    resolved "https://registry.npmjs.org/lightningcss/-/lightningcss-1.17.1.tgz"
    integrity sha512-DwwM/YYqGwLLP3he41wzDXT/m+8jdEZ80i9ViQNLRgyhey3Vm6N7XHn+4o3PY6wSnVT23WLuaROIpbpIVTNOjg==
    dependencies:
      detect-libc "^1.0.3"
    optionalDependencies:
      lightningcss-darwin-arm64 "1.17.1"
      lightningcss-darwin-x64 "1.17.1"
      lightningcss-linux-arm-gnueabihf "1.17.1"
      lightningcss-linux-arm64-gnu "1.17.1"
      lightningcss-linux-arm64-musl "1.17.1"
      lightningcss-linux-x64-gnu "1.17.1"
      lightningcss-linux-x64-musl "1.17.1"
      lightningcss-win32-x64-msvc "1.17.1"
  
  lines-and-columns@^1.1.6:
    version "1.2.4"
    resolved "https://registry.npmjs.org/lines-and-columns/-/lines-and-columns-1.2.4.tgz"
    integrity sha512-7ylylesZQ/PV29jhEDl3Ufjo6ZX7gCqJr5F7PKrqc93v7fzSymt1BpwEU8nAUXs8qzzvqhbjhK5QZg6Mt/HkBg==
  
  lmdb@2.5.2:
    version "2.5.2"
    resolved "https://registry.npmjs.org/lmdb/-/lmdb-2.5.2.tgz"
    integrity sha512-V5V5Xa2Hp9i2XsbDALkBTeHXnBXh/lEmk9p22zdr7jtuOIY9TGhjK6vAvTpOOx9IKU4hJkRWZxn/HsvR1ELLtA==
    dependencies:
      msgpackr "^1.5.4"
      node-addon-api "^4.3.0"
      node-gyp-build-optional-packages "5.0.3"
      ordered-binary "^1.2.4"
      weak-lru-cache "^1.2.2"
    optionalDependencies:
      "@lmdb/lmdb-darwin-arm64" "2.5.2"
      "@lmdb/lmdb-darwin-x64" "2.5.2"
      "@lmdb/lmdb-linux-arm" "2.5.2"
      "@lmdb/lmdb-linux-arm64" "2.5.2"
      "@lmdb/lmdb-linux-x64" "2.5.2"
      "@lmdb/lmdb-win32-x64" "2.5.2"
  
  mdn-data@2.0.14:
    version "2.0.14"
    resolved "https://registry.npmjs.org/mdn-data/-/mdn-data-2.0.14.tgz"
    integrity sha512-dn6wd0uw5GsdswPFfsgMp5NSB0/aDe6fK94YJV/AJDYXL6HVLWBsxeq7js7Ad+mU2K9LAlwpk6kN2D5mwCPVow==
  
  mime-db@1.52.0:
    version "1.52.0"
    resolved "https://registry.yarnpkg.com/mime-db/-/mime-db-1.52.0.tgz#bbabcdc02859f4987301c856e3387ce5ec43bf70"
    integrity sha512-sPU4uV7dYlvtWJxwwxHD0PuihVNiE7TyAbQ5SWxDCB9mUYvOgroQOwYQQOKPJ8CIbE+1ETVlOoK1UC2nU3gYvg==
  
  mime-types@^2.1.12:
    version "2.1.35"
    resolved "https://registry.yarnpkg.com/mime-types/-/mime-types-2.1.35.tgz#381a871b62a734450660ae3deee44813f70d959a"
    integrity sha512-ZDY+bPm5zTTF+YpCrAU9nK0UgICYPT0QtT1NZWFv4s++TNkcgVaT0g6+4R2uI4MjQjzysHB1zxuWL50hzaeXiw==
    dependencies:
      mime-db "1.52.0"
  
  mime@~1.2.11, mime@~1.2.9:
    version "1.2.11"
    resolved "https://registry.yarnpkg.com/mime/-/mime-1.2.11.tgz#58203eed86e3a5ef17aed2b7d9ebd47f0a60dd10"
    integrity sha512-Ysa2F/nqTNGHhhm9MV8ure4+Hc+Y8AWiqUdHxsO7xu8zc92ND9f3kpALHjaP026Ft17UfxrMt95c50PLUeynBw==
  
  minimist@~0.0.1:
    version "0.0.10"
    resolved "https://registry.yarnpkg.com/minimist/-/minimist-0.0.10.tgz#de3f98543dbf96082be48ad1a0c7cda836301dcf"
    integrity sha512-iotkTvxc+TwOm5Ieim8VnSNvCDjCK9S8G3scJ50ZthspSxa7jx50jkhYduuAtAjvfDUwSgOwf8+If99AlOEhyw==
  
  msgpackr-extract@^2.2.0:
    version "2.2.0"
    resolved "https://registry.npmjs.org/msgpackr-extract/-/msgpackr-extract-2.2.0.tgz"
    integrity sha512-0YcvWSv7ZOGl9Od6Y5iJ3XnPww8O7WLcpYMDwX+PAA/uXLDtyw94PJv9GLQV/nnp3cWlDhMoyKZIQLrx33sWog==
    dependencies:
      node-gyp-build-optional-packages "5.0.3"
    optionalDependencies:
      "@msgpackr-extract/msgpackr-extract-darwin-arm64" "2.2.0"
      "@msgpackr-extract/msgpackr-extract-darwin-x64" "2.2.0"
      "@msgpackr-extract/msgpackr-extract-linux-arm" "2.2.0"
      "@msgpackr-extract/msgpackr-extract-linux-arm64" "2.2.0"
      "@msgpackr-extract/msgpackr-extract-linux-x64" "2.2.0"
      "@msgpackr-extract/msgpackr-extract-win32-x64" "2.2.0"
  
  msgpackr@^1.5.4:
    version "1.8.1"
    resolved "https://registry.npmjs.org/msgpackr/-/msgpackr-1.8.1.tgz"
    integrity sha512-05fT4J8ZqjYlR4QcRDIhLCYKUOHXk7C/xa62GzMKj74l3up9k2QZ3LgFc6qWdsPHl91QA2WLWqWc8b8t7GLNNw==
    optionalDependencies:
      msgpackr-extract "^2.2.0"
  
  node-addon-api@^3.2.1:
    version "3.2.1"
    resolved "https://registry.npmjs.org/node-addon-api/-/node-addon-api-3.2.1.tgz"
    integrity sha512-mmcei9JghVNDYydghQmeDX8KoAm0FAiYyIcUt/N4nhyAipB17pllZQDOJD2fotxABnt4Mdz+dKTO7eftLg4d0A==
  
  node-addon-api@^4.3.0:
    version "4.3.0"
    resolved "https://registry.npmjs.org/node-addon-api/-/node-addon-api-4.3.0.tgz"
    integrity sha512-73sE9+3UaLYYFmDsFZnqCInzPyh3MqIwZO9cw58yIqAZhONrrabrYyYe3TuIqtIiOuTXVhsGau8hcrhhwSsDIQ==
  
  node-gyp-build-optional-packages@5.0.3:
    version "5.0.3"
    resolved "https://registry.npmjs.org/node-gyp-build-optional-packages/-/node-gyp-build-optional-packages-5.0.3.tgz"
    integrity sha512-k75jcVzk5wnnc/FMxsf4udAoTEUv2jY3ycfdSd3yWu6Cnd1oee6/CfZJApyscA4FJOmdoixWwiwOyf16RzD5JA==
  
  node-gyp-build@^4.3.0:
    version "4.5.0"
    resolved "https://registry.npmjs.org/node-gyp-build/-/node-gyp-build-4.5.0.tgz"
    integrity sha512-2iGbaQBV+ITgCz76ZEjmhUKAKVf7xfY1sRl4UiKQspfZMH2h06SyhNsnSVy50cwkFQDGLyif6m/6uFXHkOZ6rg==
  
  node-modules@^1.0.1:
    version "1.0.1"
    resolved "https://registry.yarnpkg.com/node-modules/-/node-modules-1.0.1.tgz#2dff9bfd252b80dad9265844e586314f0d42eea5"
    integrity sha512-jbUo320kIm2QxI9hA0mtVqet/SE91udPLOI4FgEumJLPva93T3U7CdiwH8+2E1lfiG0Y+Hd8U/NmF4EToYGZsg==
    dependencies:
      colors "~0.6.2"
      optimist "~0.6.0"
      osenv "0.0.3"
      request "~2.27.0"
      stream-wrapper "~0.1.2"
  
  node-releases@^2.0.6:
    version "2.0.6"
    resolved "https://registry.npmjs.org/node-releases/-/node-releases-2.0.6.tgz"
    integrity sha512-PiVXnNuFm5+iYkLBNeq5211hvO38y63T0i2KKh2KnUs3RpzJ+JtODFjkD8yjLwnDkTYF1eKXheUwdssR+NRZdg==
  
  node-uuid@~1.4.0:
    version "1.4.8"
    resolved "https://registry.yarnpkg.com/node-uuid/-/node-uuid-1.4.8.tgz#b040eb0923968afabf8d32fb1f17f1167fdab907"
    integrity sha512-TkCET/3rr9mUuRp+CpO7qfgT++aAxfDRaalQhwPFzI9BY/2rCDn6OfpZOVggi1AXfTPpfkTrg5f5WQx5G1uLxA==
  
  nth-check@^2.0.1:
    version "2.1.1"
    resolved "https://registry.npmjs.org/nth-check/-/nth-check-2.1.1.tgz"
    integrity sha512-lqjrjmaOoAnWfMmBPL+XNnynZh2+swxiX3WUE0s4yEHI6m+AwrK2UZOimIRl3X/4QctVqS8AiZjFqyOGrMXb/w==
    dependencies:
      boolbase "^1.0.0"
  
  nullthrows@^1.1.1:
    version "1.1.1"
    resolved "https://registry.npmjs.org/nullthrows/-/nullthrows-1.1.1.tgz"
    integrity sha512-2vPPEi+Z7WqML2jZYddDIfy5Dqb0r2fze2zTxNNknZaFpVHU3mFB3R+DWeJWGVx0ecvttSGlJTI+WG+8Z4cDWw==
  
  oauth-sign@~0.3.0:
    version "0.3.0"
    resolved "https://registry.yarnpkg.com/oauth-sign/-/oauth-sign-0.3.0.tgz#cb540f93bb2b22a7d5941691a288d60e8ea9386e"
    integrity sha512-Tr31Sh5FnK9YKm7xTUPyDMsNOvMqkVDND0zvK/Wgj7/H9q8mpye0qG2nVzrnsvLhcsX5DtqXD0la0ks6rkPCGQ==
  
  object-keys@~0.2.0:
    version "0.2.0"
    resolved "https://registry.yarnpkg.com/object-keys/-/object-keys-0.2.0.tgz#cddec02998b091be42bf1035ae32e49f1cb6ea67"
    integrity sha512-XODjdR2pBh/1qrjPcbSeSgEtKbYo7LqYNq64/TPuCf7j9SfDD3i21yatKoIy39yIWNvVM59iutfQQpCv1RfFzA==
    dependencies:
      foreach "~2.0.1"
      indexof "~0.0.1"
      is "~0.2.6"
  
  optimist@~0.6.0:
    version "0.6.1"
    resolved "https://registry.yarnpkg.com/optimist/-/optimist-0.6.1.tgz#da3ea74686fa21a19a111c326e90eb15a0196686"
    integrity sha512-snN4O4TkigujZphWLN0E//nQmm7790RYaE53DdL7ZYwee2D8DDo9/EyYiKUfN3rneWUjhJnueija3G9I2i0h3g==
    dependencies:
      minimist "~0.0.1"
      wordwrap "~0.0.2"
  
  ordered-binary@^1.2.4:
    version "1.4.0"
    resolved "https://registry.npmjs.org/ordered-binary/-/ordered-binary-1.4.0.tgz"
    integrity sha512-EHQ/jk4/a9hLupIKxTfUsQRej1Yd/0QLQs3vGvIqg5ZtCYSzNhkzHoZc7Zf4e4kUlDaC3Uw8Q/1opOLNN2OKRQ==
  
  osenv@0.0.3:
    version "0.0.3"
    resolved "https://registry.yarnpkg.com/osenv/-/osenv-0.0.3.tgz#cd6ad8ddb290915ad9e22765576025d411f29cb6"
    integrity sha512-VBk1bfdaO4gh3OWO8LBuDY2alp0buL8YzQ6t13xyc8PQPrnUg5AgQvINQx3UkS4dom8UGCL597q4Y2+M4TPvmw==
  
  parcel@^2.8.0:
    version "2.8.0"
    resolved "https://registry.npmjs.org/parcel/-/parcel-2.8.0.tgz"
    integrity sha512-p7Fo75CeMw5HC1luovYpBjzPbAJv/Gn7lxcs4f0LxcwBCWbkQ73zHgJXJQqnM38qQABEYEiQq6000+j+k5U/Mw==
    dependencies:
      "@parcel/config-default" "2.8.0"
      "@parcel/core" "2.8.0"
      "@parcel/diagnostic" "2.8.0"
      "@parcel/events" "2.8.0"
      "@parcel/fs" "2.8.0"
      "@parcel/logger" "2.8.0"
      "@parcel/package-manager" "2.8.0"
      "@parcel/reporter-cli" "2.8.0"
      "@parcel/reporter-dev-server" "2.8.0"
      "@parcel/utils" "2.8.0"
      chalk "^4.1.0"
      commander "^7.0.0"
      get-port "^4.2.0"
      v8-compile-cache "^2.0.0"
  
  parent-module@^1.0.0:
    version "1.0.1"
    resolved "https://registry.npmjs.org/parent-module/-/parent-module-1.0.1.tgz"
    integrity sha512-GQ2EWRpQV8/o+Aw8YqtfZZPfNRWZYkbidE9k5rpl/hC3vtHHBfGm2Ifi6qWV+coDGkrUKZAxE3Lot5kcsRlh+g==
    dependencies:
      callsites "^3.0.0"
  
  parse-json@^5.0.0:
    version "5.2.0"
    resolved "https://registry.npmjs.org/parse-json/-/parse-json-5.2.0.tgz"
    integrity sha512-ayCKvm/phCGxOkYRSCM82iDwct8/EonSEgCSxWxD7ve6jHggsFl4fZVQBPRNgQoKiuV/odhFrGzQXZwbifC8Rg==
    dependencies:
      "@babel/code-frame" "^7.0.0"
      error-ex "^1.3.1"
      json-parse-even-better-errors "^2.3.0"
      lines-and-columns "^1.1.6"
  
  path-type@^4.0.0:
    version "4.0.0"
    resolved "https://registry.npmjs.org/path-type/-/path-type-4.0.0.tgz"
    integrity sha512-gDKb8aZMDeD/tZWs9P6+q0J9Mwkdl6xMV8TjnGP3qJVJ06bdMgkbBlLU8IdfOsIsFz2BW1rNVT3XuNEl8zPAvw==
  
  picocolors@^1.0.0:
    version "1.0.0"
    resolved "https://registry.npmjs.org/picocolors/-/picocolors-1.0.0.tgz"
    integrity sha512-1fygroTLlHu66zi26VoTDv8yRgm0Fccecssto+MhsZ0D/DGW2sm8E8AjW7NU5VVTRt5GxbeZ5qBuJr+HyLYkjQ==
  
  postcss-value-parser@^4.2.0:
    version "4.2.0"
    resolved "https://registry.npmjs.org/postcss-value-parser/-/postcss-value-parser-4.2.0.tgz"
    integrity sha512-1NNCs6uurfkVbeXG4S8JFT9t19m45ICnif8zWLd5oPSZ50QnwMfK+H3jv408d4jw/7Bttv5axS5IiHoLaVNHeQ==
  
  posthtml-parser@^0.10.1:
    version "0.10.2"
    resolved "https://registry.npmjs.org/posthtml-parser/-/posthtml-parser-0.10.2.tgz"
    integrity sha512-PId6zZ/2lyJi9LiKfe+i2xv57oEjJgWbsHGGANwos5AvdQp98i6AtamAl8gzSVFGfQ43Glb5D614cvZf012VKg==
    dependencies:
      htmlparser2 "^7.1.1"
  
  posthtml-parser@^0.11.0:
    version "0.11.0"
    resolved "https://registry.npmjs.org/posthtml-parser/-/posthtml-parser-0.11.0.tgz"
    integrity sha512-QecJtfLekJbWVo/dMAA+OSwY79wpRmbqS5TeXvXSX+f0c6pW4/SE6inzZ2qkU7oAMCPqIDkZDvd/bQsSFUnKyw==
    dependencies:
      htmlparser2 "^7.1.1"
  
  posthtml-render@^3.0.0:
    version "3.0.0"
    resolved "https://registry.npmjs.org/posthtml-render/-/posthtml-render-3.0.0.tgz"
    integrity sha512-z+16RoxK3fUPgwaIgH9NGnK1HKY9XIDpydky5eQGgAFVXTCSezalv9U2jQuNV+Z9qV1fDWNzldcw4eK0SSbqKA==
    dependencies:
      is-json "^2.0.1"
  
  posthtml@^0.16.4, posthtml@^0.16.5:
    version "0.16.6"
    resolved "https://registry.npmjs.org/posthtml/-/posthtml-0.16.6.tgz"
    integrity sha512-JcEmHlyLK/o0uGAlj65vgg+7LIms0xKXe60lcDOTU7oVX/3LuEuLwrQpW3VJ7de5TaFKiW4kWkaIpJL42FEgxQ==
    dependencies:
      posthtml-parser "^0.11.0"
      posthtml-render "^3.0.0"
  
  proxy-from-env@^1.1.0:
    version "1.1.0"
    resolved "https://registry.yarnpkg.com/proxy-from-env/-/proxy-from-env-1.1.0.tgz#e102f16ca355424865755d2c9e8ea4f24d58c3e2"
    integrity sha512-D+zkORCbA9f1tdWRK0RaCR3GPv50cMxcrz4X8k5LTSUD1Dkw47mKJEZQNunItRTkWwgtaUSo1RVFRIG9ZXiFYg==
  
  qs@~0.6.0:
    version "0.6.6"
    resolved "https://registry.yarnpkg.com/qs/-/qs-0.6.6.tgz#6e015098ff51968b8a3c819001d5f2c89bc4b107"
    integrity sha512-kN+yNdAf29Jgp+AYHUmC7X4QdJPR8czuMWLNLc0aRxkQ7tB3vJQEONKKT9ou/rW7EbqVec11srC9q9BiVbcnHA==
  
  react-error-overlay@6.0.9:
    version "6.0.9"
    resolved "https://registry.npmjs.org/react-error-overlay/-/react-error-overlay-6.0.9.tgz"
    integrity sha512-nQTTcUu+ATDbrSD1BZHr5kgSD4oF8OFjxun8uAaL8RwPBacGBNPf/yAuVVdx17N8XNzRDMrZ9XcKZHCjPW+9ew==
  
  react-refresh@^0.9.0:
    version "0.9.0"
    resolved "https://registry.npmjs.org/react-refresh/-/react-refresh-0.9.0.tgz"
    integrity sha512-Gvzk7OZpiqKSkxsQvO/mbTN1poglhmAV7gR/DdIrRrSMXraRQQlfikRJOr3Nb9GTMPC5kof948Zy6jJZIFtDvQ==
  
  readable-stream@~1.0.15:
    version "1.0.34"
    resolved "https://registry.yarnpkg.com/readable-stream/-/readable-stream-1.0.34.tgz#125820e34bc842d2f2aaafafe4c2916ee32c157c"
    integrity sha512-ok1qVCJuRkNmvebYikljxJA/UEsKwLl2nI1OmaqAu4/UE+h0wKCHok4XkL/gvi39OacXvw59RJUOFUkDib2rHg==
    dependencies:
      core-util-is "~1.0.0"
      inherits "~2.0.1"
      isarray "0.0.1"
      string_decoder "~0.10.x"
  
  regenerator-runtime@^0.13.7:
    version "0.13.11"
    resolved "https://registry.npmjs.org/regenerator-runtime/-/regenerator-runtime-0.13.11.tgz"
    integrity sha512-kY1AZVr2Ra+t+piVaJ4gxaFaReZVH40AKNo7UCX6W+dEwBo/2oZJzqfuN1qLq1oL45o56cPaTXELwrTh8Fpggg==
  
  request@~2.27.0:
    version "2.27.0"
    resolved "https://registry.yarnpkg.com/request/-/request-2.27.0.tgz#dfb1a224dd3a5a9bade4337012503d710e538668"
    integrity sha512-V4AYOEmdUrf0X+CVF2hndyMzIeQ8G7LB45HER/rXZYEwNVI3QFGgLPLafQLHjqtG/ggzHEMb66Ng5IemksixsQ==
    dependencies:
      aws-sign "~0.3.0"
      cookie-jar "~0.3.0"
      forever-agent "~0.5.0"
      form-data "~0.1.0"
      hawk "~1.0.0"
      http-signature "~0.10.0"
      json-stringify-safe "~5.0.0"
      mime "~1.2.9"
      node-uuid "~1.4.0"
      oauth-sign "~0.3.0"
      qs "~0.6.0"
      tunnel-agent "~0.3.0"
  
  resolve-from@^4.0.0:
    version "4.0.0"
    resolved "https://registry.npmjs.org/resolve-from/-/resolve-from-4.0.0.tgz"
    integrity sha512-pb/MYmXstAkysRFx8piNI1tGFNQIFA3vkE3Gq4EuA1dF6gHp/+vgZqsCGJapvy8N3Q+4o7FwvquPJcnZ7RYy4g==
  
  safe-buffer@^5.0.1:
    version "5.2.1"
    resolved "https://registry.npmjs.org/safe-buffer/-/safe-buffer-5.2.1.tgz"
    integrity sha512-rp3So07KcdmmKbGvgaNxQSJr7bGVSVk5S9Eq1F+ppbRo70+YeaDxkw5Dd8NPN+GD6bjnYm2VuPuCXmpuYvmCXQ==
  
  semver@^5.7.0, semver@^5.7.1:
    version "5.7.1"
    resolved "https://registry.npmjs.org/semver/-/semver-5.7.1.tgz"
    integrity sha512-sauaDf/PZdVgrLTNYHRtpXa1iRiKcaebiKQ1BJdpQlWH2lCvexQdX55snPFyK7QzpudqbCI0qXFfOasHdyNDGQ==
  
  sntp@0.2.x:
    version "0.2.4"
    resolved "https://registry.yarnpkg.com/sntp/-/sntp-0.2.4.tgz#fb885f18b0f3aad189f824862536bceeec750900"
    integrity sha512-bDLrKa/ywz65gCl+LmOiIhteP1bhEsAAzhfMedPoiHP3dyYnAevlaJshdqb9Yu0sRifyP/fRqSt8t+5qGIWlGQ==
    dependencies:
      hoek "0.9.x"
  
  source-map-support@~0.5.20:
    version "0.5.21"
    resolved "https://registry.npmjs.org/source-map-support/-/source-map-support-0.5.21.tgz"
    integrity sha512-uBHU3L3czsIyYXKX88fdrGovxdSCoTGDRZ6SYXtSRxLZUzHg5P/66Ht6uoUlHu9EZod+inXhKo3qQgwXUT/y1w==
    dependencies:
      buffer-from "^1.0.0"
      source-map "^0.6.0"
  
  source-map@^0.6.0, source-map@^0.6.1:
    version "0.6.1"
    resolved "https://registry.npmjs.org/source-map/-/source-map-0.6.1.tgz"
    integrity sha512-UjgapumWlbMhkBgzT7Ykc5YXUT46F0iKu8SGXq0bcwP5dz/h0Plj6enJqjz1Zbq2l5WaqYnrVbwWOWMyF3F47g==
  
  stable@^0.1.8:
    version "0.1.8"
    resolved "https://registry.npmjs.org/stable/-/stable-0.1.8.tgz"
    integrity sha512-ji9qxRnOVfcuLDySj9qzhGSEFVobyt1kIOSkj1qZzYLzq7Tos/oUUWvotUPQLlrsidqsK6tBH89Bc9kL5zHA6w==
  
  stream-wrapper@~0.1.2:
    version "0.1.2"
    resolved "https://registry.yarnpkg.com/stream-wrapper/-/stream-wrapper-0.1.2.tgz#468a9432c1012a1373c203085bbcb914869c31f6"
    integrity sha512-HWJtwMXK6b7OTtR+kr20er0J5TNXpAezaTqobuHxPZJc24jIIbzgt339ztajJ6wHGEeV7oeTDZZLmwDzzSPLqg==
    dependencies:
      readable-stream "~1.0.15"
      xtend "~2.0.6"
  
  string_decoder@~0.10.x:
    version "0.10.31"
    resolved "https://registry.yarnpkg.com/string_decoder/-/string_decoder-0.10.31.tgz#62e203bc41766c6c28c9fc84301dab1c5310fa94"
    integrity sha512-ev2QzSzWPYmy9GuqfIVildA4OdcGLeFZQrq5ys6RtiuF+RQQiZWr8TZNyAcuVXyQRYfEO+MsoB/1BuQVhOJuoQ==
  
  supports-color@^5.3.0:
    version "5.5.0"
    resolved "https://registry.npmjs.org/supports-color/-/supports-color-5.5.0.tgz"
    integrity sha512-QjVjwdXIt408MIiAqCX4oUKsgU2EqAGzs2Ppkm4aQYbjm+ZEWEcW4SfFNTr4uMNZma0ey4f5lgLrkB0aX0QMow==
    dependencies:
      has-flag "^3.0.0"
  
  supports-color@^7.1.0:
    version "7.2.0"
    resolved "https://registry.npmjs.org/supports-color/-/supports-color-7.2.0.tgz"
    integrity sha512-qpCAvRl9stuOHveKsn7HncJRvv501qIacKzQlO/+Lwxc9+0q2wLyv4Dfvt80/DPn2pqOBsJdDiogXGR9+OvwRw==
    dependencies:
      has-flag "^4.0.0"
  
  svgo@^2.4.0:
    version "2.8.0"
    resolved "https://registry.npmjs.org/svgo/-/svgo-2.8.0.tgz"
    integrity sha512-+N/Q9kV1+F+UeWYoSiULYo4xYSDQlTgb+ayMobAXPwMnLvop7oxKMo9OzIrX5x3eS4L4f2UHhc9axXwY8DpChg==
    dependencies:
      "@trysound/sax" "0.2.0"
      commander "^7.2.0"
      css-select "^4.1.3"
      css-tree "^1.1.3"
      csso "^4.2.0"
      picocolors "^1.0.0"
      stable "^0.1.8"
  
  term-size@^2.2.1:
    version "2.2.1"
    resolved "https://registry.npmjs.org/term-size/-/term-size-2.2.1.tgz"
    integrity sha512-wK0Ri4fOGjv/XPy8SBHZChl8CM7uMc5VML7SqiQ0zG7+J5Vr+RMQDoHa2CNT6KHUnTGIXH34UDMkPzAUyapBZg==
  
  terser@^5.2.0:
    version "5.16.1"
    resolved "https://registry.npmjs.org/terser/-/terser-5.16.1.tgz"
    integrity sha512-xvQfyfA1ayT0qdK47zskQgRZeWLoOQ8JQ6mIgRGVNwZKdQMU+5FkCBjmv4QjcrTzyZquRw2FVtlJSRUmMKQslw==
    dependencies:
      "@jridgewell/source-map" "^0.3.2"
      acorn "^8.5.0"
      commander "^2.20.0"
      source-map-support "~0.5.20"
  
  timsort@^0.3.0:
    version "0.3.0"
    resolved "https://registry.npmjs.org/timsort/-/timsort-0.3.0.tgz"
    integrity sha512-qsdtZH+vMoCARQtyod4imc2nIJwg9Cc7lPRrw9CzF8ZKR0khdr8+2nX80PBhET3tcyTtJDxAffGh2rXH4tyU8A==
  
  tslib@^2.4.0:
    version "2.4.1"
    resolved "https://registry.npmjs.org/tslib/-/tslib-2.4.1.tgz"
    integrity sha512-tGyy4dAjRIEwI7BzsB0lynWgOpfqjUdq91XXAlIWD2OwKBH7oCl/GZG/HT4BOHrTlPMOASlMQ7veyTqpmRcrNA==
  
  tunnel-agent@~0.3.0:
    version "0.3.0"
    resolved "https://registry.yarnpkg.com/tunnel-agent/-/tunnel-agent-0.3.0.tgz#ad681b68f5321ad2827c4cfb1b7d5df2cfe942ee"
    integrity sha512-jlGqHGoKzyyjhwv/c9omAgohntThMcGtw8RV/RDLlkbbc08kni/akVxO62N8HaXMVbVsK1NCnpSK3N2xCt22ww==
  
  type-fest@^0.20.2:
    version "0.20.2"
    resolved "https://registry.npmjs.org/type-fest/-/type-fest-0.20.2.tgz"
    integrity sha512-Ne+eE4r0/iWnpAxD852z3A+N0Bt5RN//NjJwRd2VFHEmrywxf5vsZlh4R6lixl6B+wz/8d+maTSAkN1FIkI3LQ==
  
  update-browserslist-db@^1.0.9:
    version "1.0.10"
    resolved "https://registry.npmjs.org/update-browserslist-db/-/update-browserslist-db-1.0.10.tgz"
    integrity sha512-OztqDenkfFkbSG+tRxBeAnCVPckDBcvibKd35yDONx6OU8N7sqgwc7rCbkJ/WcYtVRZ4ba68d6byhC21GFh7sQ==
    dependencies:
      escalade "^3.1.1"
      picocolors "^1.0.0"
  
  utility-types@^3.10.0:
    version "3.10.0"
    resolved "https://registry.npmjs.org/utility-types/-/utility-types-3.10.0.tgz"
    integrity sha512-O11mqxmi7wMKCo6HKFt5AhO4BwY3VV68YU07tgxfz8zJTIxr4BpsezN49Ffwy9j3ZpwwJp4fkRwjRzq3uWE6Rg==
  
  v8-compile-cache@^2.0.0:
    version "2.3.0"
    resolved "https://registry.npmjs.org/v8-compile-cache/-/v8-compile-cache-2.3.0.tgz"
    integrity sha512-l8lCEmLcLYZh4nbunNZvQCJc5pv7+RCwa8q/LdUx8u7lsWvPDKmpodJAJNwkAhJC//dFY48KuIEmjtd4RViDrA==
  
  weak-lru-cache@^1.2.2:
    version "1.2.2"
    resolved "https://registry.npmjs.org/weak-lru-cache/-/weak-lru-cache-1.2.2.tgz"
    integrity sha512-DEAoo25RfSYMuTGc9vPJzZcZullwIqRDSI9LOy+fkCJPi6hykCnfKaXTuPBDuXAUcqHXyOgFtHNp/kB2FjYHbw==
  
  wordwrap@~0.0.2:
    version "0.0.3"
    resolved "https://registry.yarnpkg.com/wordwrap/-/wordwrap-0.0.3.tgz#a3d5da6cd5c0bc0008d37234bbaf1bed63059107"
    integrity sha512-1tMA907+V4QmxV7dbRvb4/8MaRALK6q9Abid3ndMYnbyo8piisCmeONVqVSXqQA3KaP4SLt5b7ud6E2sqP8TFw==
  
  xtend@~2.0.6:
    version "2.0.6"
    resolved "https://registry.yarnpkg.com/xtend/-/xtend-2.0.6.tgz#5ea657a6dba447069c2e59c58a1138cb0c5e6cee"
    integrity sha512-fOZg4ECOlrMl+A6Msr7EIFcON1L26mb4NY5rurSkOex/TWhazOrg6eXD/B0XkuiYcYhQDWLXzQxLMVJ7LXwokg==
    dependencies:
      is-object "~0.1.2"
      object-keys "~0.2.0"
  
  xxhash-wasm@^0.4.2:
    version "0.4.2"
    resolved "https://registry.npmjs.org/xxhash-wasm/-/xxhash-wasm-0.4.2.tgz"
    integrity sha512-/eyHVRJQCirEkSZ1agRSCwriMhwlyUcFkXD5TPVSLP+IPzjsqMVzZwdoczLp1SoQU0R3dxz1RpIK+4YNQbCVOA==
  
  yaml@^1.10.0:
    version "1.10.2"
    resolved "https://registry.npmjs.org/yaml/-/yaml-1.10.2.tgz"
    integrity sha512-r3vXyErRCYJ7wg28yvBY5VSoAF8ZvlcW9/BwUzEtUsjvX/DKs24dIkuwjtuprwJJHsbyUbLApepYTR1BN4uHrg==
  
  yarn@^1.22.19:
    version "1.22.19"
    resolved "https://registry.npmjs.org/yarn/-/yarn-1.22.19.tgz"
    integrity sha512-/0V5q0WbslqnwP91tirOvldvYISzaqhClxzyUKXYxs07yUILIs5jx/k6CFe8bvKSkds5w+eiOqta39Wk3WxdcQ==
